TN:
SF:src\App.jsx
FN:23,App
FNF:1
FNH:0
FNDA:0,App
DA:21,0
DA:24,0
LF:2
LH:0
BRF:0
BRH:0
end_of_record
TN:
SF:src\__tests__\mocks\browser.js
FNF:0
FNH:0
DA:4,0
LF:1
LH:0
BRF:0
BRH:0
end_of_record
TN:
SF:src\__tests__\mocks\handlers.js
FN:61,(anonymous_0)
FN:66,(anonymous_1)
FN:78,(anonymous_2)
FN:85,(anonymous_3)
FN:91,(anonymous_4)
FN:92,(anonymous_5)
FN:110,(anonymous_6)
FN:112,(anonymous_7)
FN:129,(anonymous_8)
FN:140,(anonymous_9)
FN:152,(anonymous_10)
FN:171,(anonymous_11)
FN:186,(anonymous_12)
FN:197,(anonymous_13)
FN:204,(anonymous_14)
FN:211,(anonymous_15)
FNF:16
FNH:0
FNDA:0,(anonymous_0)
FNDA:0,(anonymous_1)
FNDA:0,(anonymous_2)
FNDA:0,(anonymous_3)
FNDA:0,(anonymous_4)
FNDA:0,(anonymous_5)
FNDA:0,(anonymous_6)
FNDA:0,(anonymous_7)
FNDA:0,(anonymous_8)
FNDA:0,(anonymous_9)
FNDA:0,(anonymous_10)
FNDA:0,(anonymous_11)
FNDA:0,(anonymous_12)
FNDA:0,(anonymous_13)
FNDA:0,(anonymous_14)
FNDA:0,(anonymous_15)
DA:4,0
DA:41,0
DA:59,0
DA:62,0
DA:67,0
DA:68,0
DA:69,0
DA:70,0
DA:71,0
DA:72,0
DA:74,0
DA:77,0
DA:78,0
DA:79,0
DA:84,0
DA:85,0
DA:86,0
DA:90,0
DA:91,0
DA:92,0
DA:97,0
DA:98,0
DA:99,0
DA:101,0
DA:111,0
DA:112,0
DA:114,0
DA:115,0
DA:118,0
DA:130,0
DA:131,0
DA:133,0
DA:134,0
DA:140,0
DA:141,0
DA:145,0
DA:153,0
DA:156,0
DA:157,0
DA:163,0
DA:164,0
DA:171,0
DA:172,0
DA:173,0
DA:179,0
DA:187,0
DA:189,0
DA:190,0
DA:193,0
DA:198,0
DA:205,0
DA:212,0
LF:52
LH:0
BRDA:71,0,0,0
BRDA:71,0,1,0
BRDA:72,1,0,0
BRDA:72,1,1,0
BRDA:77,2,0,0
BRDA:77,2,1,0
BRDA:79,3,0,0
BRDA:79,3,1,0
BRDA:84,4,0,0
BRDA:84,4,1,0
BRDA:90,5,0,0
BRDA:90,5,1,0
BRDA:114,6,0,0
BRDA:114,6,1,0
BRDA:133,7,0,0
BRDA:133,7,1,0
BRDA:141,8,0,0
BRDA:141,8,1,0
BRDA:156,9,0,0
BRDA:156,9,1,0
BRDA:156,10,0,0
BRDA:156,10,1,0
BRDA:156,10,2,0
BRDA:163,11,0,0
BRDA:163,11,1,0
BRDA:172,12,0,0
BRDA:172,12,1,0
BRDA:189,13,0,0
BRDA:189,13,1,0
BRF:29
BRH:0
end_of_record
TN:
SF:src\__tests__\mocks\server.js
FNF:0
FNH:0
DA:4,0
LF:1
LH:0
BRF:0
BRH:0
end_of_record
TN:
SF:src\components\AlertasManager.jsx
FN:6,(anonymous_0)
FN:13,(anonymous_1)
FN:17,(anonymous_2)
FN:30,(anonymous_3)
FN:38,(anonymous_4)
FN:55,(anonymous_5)
FN:66,(anonymous_6)
FN:79,(anonymous_7)
FN:83,(anonymous_8)
FN:93,(anonymous_9)
FN:133,(anonymous_10)
FN:139,(anonymous_11)
FN:147,(anonymous_12)
FN:195,(anonymous_13)
FN:233,(anonymous_14)
FNF:15
FNH:0
FNDA:0,(anonymous_0)
FNDA:0,(anonymous_1)
FNDA:0,(anonymous_2)
FNDA:0,(anonymous_3)
FNDA:0,(anonymous_4)
FNDA:0,(anonymous_5)
FNDA:0,(anonymous_6)
FNDA:0,(anonymous_7)
FNDA:0,(anonymous_8)
FNDA:0,(anonymous_9)
FNDA:0,(anonymous_10)
FNDA:0,(anonymous_11)
FNDA:0,(anonymous_12)
FNDA:0,(anonymous_13)
FNDA:0,(anonymous_14)
DA:6,0
DA:7,0
DA:8,0
DA:9,0
DA:10,0
DA:11,0
DA:13,0
DA:14,0
DA:17,0
DA:18,0
DA:19,0
DA:20,0
DA:21,0
DA:23,0
DA:24,0
DA:26,0
DA:30,0
DA:31,0
DA:32,0
DA:35,0
DA:38,0
DA:39,0
DA:40,0
DA:44,0
DA:45,0
DA:46,0
DA:47,0
DA:48,0
DA:50,0
DA:51,0
DA:55,0
DA:56,0
DA:57,0
DA:58,0
DA:59,0
DA:61,0
DA:62,0
DA:66,0
DA:67,0
DA:68,0
DA:71,0
DA:72,0
DA:74,0
DA:75,0
DA:79,0
DA:80,0
DA:83,0
DA:84,0
DA:85,0
DA:87,0
DA:88,0
DA:90,0
DA:93,0
DA:94,0
DA:95,0
DA:98,0
DA:99,0
DA:100,0
DA:102,0
DA:106,0
DA:107,0
DA:115,0
DA:116,0
DA:128,0
DA:134,0
DA:139,0
DA:147,0
DA:196,0
DA:197,0
DA:198,0
DA:234,0
DA:235,0
DA:236,0
LF:73
LH:0
BRDA:6,0,0,0
BRDA:21,1,0,0
BRDA:21,1,1,0
BRDA:71,2,0,0
BRDA:71,2,1,0
BRDA:80,3,0,0
BRDA:80,3,1,0
BRDA:84,4,0,0
BRDA:84,4,1,0
BRDA:87,5,0,0
BRDA:87,5,1,0
BRDA:94,6,0,0
BRDA:94,6,1,0
BRDA:94,7,0,0
BRDA:94,7,1,0
BRDA:99,8,0,0
BRDA:99,8,1,0
BRDA:106,9,0,0
BRDA:106,9,1,0
BRDA:115,10,0,0
BRDA:115,10,1,0
BRDA:203,11,0,0
BRDA:203,11,1,0
BRF:23
BRH:0
end_of_record
TN:
SF:src\components\CategoriasProductos.jsx
FN:6,(anonymous_0)
FN:18,(anonymous_1)
FN:28,(anonymous_2)
FN:37,(anonymous_3)
FN:47,(anonymous_4)
FN:48,(anonymous_5)
FN:68,(anonymous_6)
FN:73,(anonymous_7)
FN:80,(anonymous_8)
FN:84,(anonymous_9)
FN:93,(anonymous_10)
FN:103,(anonymous_11)
FN:108,(anonymous_12)
FN:109,(anonymous_13)
FN:113,(anonymous_14)
FN:115,(anonymous_15)
FN:116,(anonymous_16)
FN:121,(anonymous_17)
FN:153,(anonymous_18)
FN:162,(anonymous_19)
FN:165,(anonymous_20)
FN:176,(anonymous_21)
FN:179,(anonymous_22)
FN:212,(anonymous_23)
FN:216,(anonymous_24)
FN:222,(anonymous_25)
FN:229,(anonymous_26)
FN:261,(anonymous_27)
FN:268,(anonymous_28)
FN:275,(anonymous_29)
FN:285,(anonymous_30)
FN:297,(anonymous_31)
FN:304,(anonymous_32)
FNF:33
FNH:0
FNDA:0,(anonymous_0)
FNDA:0,(anonymous_1)
FNDA:0,(anonymous_2)
FNDA:0,(anonymous_3)
FNDA:0,(anonymous_4)
FNDA:0,(anonymous_5)
FNDA:0,(anonymous_6)
FNDA:0,(anonymous_7)
FNDA:0,(anonymous_8)
FNDA:0,(anonymous_9)
FNDA:0,(anonymous_10)
FNDA:0,(anonymous_11)
FNDA:0,(anonymous_12)
FNDA:0,(anonymous_13)
FNDA:0,(anonymous_14)
FNDA:0,(anonymous_15)
FNDA:0,(anonymous_16)
FNDA:0,(anonymous_17)
FNDA:0,(anonymous_18)
FNDA:0,(anonymous_19)
FNDA:0,(anonymous_20)
FNDA:0,(anonymous_21)
FNDA:0,(anonymous_22)
FNDA:0,(anonymous_23)
FNDA:0,(anonymous_24)
FNDA:0,(anonymous_25)
FNDA:0,(anonymous_26)
FNDA:0,(anonymous_27)
FNDA:0,(anonymous_28)
FNDA:0,(anonymous_29)
FNDA:0,(anonymous_30)
FNDA:0,(anonymous_31)
FNDA:0,(anonymous_32)
DA:6,0
DA:7,0
DA:8,0
DA:9,0
DA:10,0
DA:11,0
DA:12,0
DA:13,0
DA:14,0
DA:15,0
DA:18,0
DA:19,0
DA:20,0
DA:28,0
DA:29,0
DA:30,0
DA:31,0
DA:32,0
DA:37,0
DA:38,0
DA:39,0
DA:40,0
DA:41,0
DA:42,0
DA:47,0
DA:48,0
DA:49,0
DA:51,0
DA:52,0
DA:53,0
DA:54,0
DA:55,0
DA:57,0
DA:58,0
DA:60,0
DA:64,0
DA:68,0
DA:69,0
DA:71,0
DA:72,0
DA:73,0
DA:74,0
DA:79,0
DA:80,0
DA:83,0
DA:84,0
DA:85,0
DA:89,0
DA:93,0
DA:94,0
DA:95,0
DA:96,0
DA:99,0
DA:100,0
DA:103,0
DA:104,0
DA:108,0
DA:109,0
DA:110,0
DA:113,0
DA:114,0
DA:115,0
DA:116,0
DA:118,0
DA:121,0
DA:122,0
DA:125,0
DA:126,0
DA:136,0
DA:153,0
DA:162,0
DA:166,0
DA:176,0
DA:180,0
DA:213,0
DA:216,0
DA:223,0
DA:230,0
DA:261,0
DA:268,0
DA:276,0
DA:277,0
DA:278,0
DA:280,0
DA:281,0
DA:285,0
DA:291,0
DA:297,0
DA:304,0
LF:89
LH:0
BRDA:19,0,0,0
BRDA:19,0,1,0
BRDA:19,1,0,0
BRDA:19,1,1,0
BRDA:29,2,0,0
BRDA:29,2,1,0
BRDA:29,2,2,0
BRDA:38,3,0,0
BRDA:38,3,1,0
BRDA:38,3,2,0
BRDA:38,3,3,0
BRDA:49,4,0,0
BRDA:49,4,1,0
BRDA:71,5,0,0
BRDA:71,5,1,0
BRDA:74,6,0,0
BRDA:74,6,1,0
BRDA:79,7,0,0
BRDA:79,7,1,0
BRDA:83,8,0,0
BRDA:83,8,1,0
BRDA:125,9,0,0
BRDA:125,9,1,0
BRDA:187,10,0,0
BRDA:187,10,1,0
BRDA:190,11,0,0
BRDA:190,11,1,0
BRDA:190,12,0,0
BRDA:190,12,1,0
BRDA:191,13,0,0
BRDA:191,13,1,0
BRDA:201,14,0,0
BRDA:201,14,1,0
BRDA:209,15,0,0
BRDA:209,15,1,0
BRDA:209,15,2,0
BRDA:220,16,0,0
BRDA:220,16,1,0
BRDA:241,17,0,0
BRDA:241,17,1,0
BRDA:245,18,0,0
BRDA:245,18,1,0
BRDA:247,19,0,0
BRDA:247,19,1,0
BRDA:256,20,0,0
BRDA:256,20,1,0
BRDA:284,21,0,0
BRDA:284,21,1,0
BRDA:319,22,0,0
BRDA:319,22,1,0
BRDA:319,22,2,0
BRDA:324,23,0,0
BRDA:324,23,1,0
BRF:53
BRH:0
end_of_record
TN:
SF:src\components\CreateReviewModal.jsx
FN:13,(anonymous_0)
FN:17,(anonymous_1)
FN:43,(anonymous_2)
FN:56,(anonymous_3)
FNF:4
FNH:0
FNDA:0,(anonymous_0)
FNDA:0,(anonymous_1)
FNDA:0,(anonymous_2)
FNDA:0,(anonymous_3)
DA:11,0
DA:13,0
DA:14,0
DA:15,0
DA:17,0
DA:18,0
DA:19,0
DA:21,0
DA:28,0
DA:30,0
DA:31,0
DA:33,0
DA:34,0
DA:37,0
DA:39,0
DA:43,0
DA:44,0
DA:45,0
DA:48,0
DA:56,0
LF:20
LH:0
BRDA:25,0,0,0
BRDA:25,0,1,0
BRDA:34,1,0,0
BRDA:34,1,1,0
BRDA:34,1,2,0
BRF:5
BRH:0
end_of_record
TN:
SF:src\components\DBSProductos.jsx
FN:10,(anonymous_0)
FN:20,(anonymous_1)
FN:29,(anonymous_2)
FN:30,(anonymous_3)
FN:54,(anonymous_4)
FN:59,(anonymous_5)
FN:65,(anonymous_6)
FN:75,(anonymous_7)
FN:85,(anonymous_8)
FN:90,(anonymous_9)
FN:91,(anonymous_10)
FN:110,(anonymous_11)
FN:114,(anonymous_12)
FN:126,(anonymous_13)
FN:163,(anonymous_14)
FN:167,(anonymous_15)
FN:173,(anonymous_16)
FN:200,(anonymous_17)
FN:207,(anonymous_18)
FN:214,(anonymous_19)
FN:224,(anonymous_20)
FN:236,(anonymous_21)
FN:243,(anonymous_22)
FNF:23
FNH:0
FNDA:0,(anonymous_0)
FNDA:0,(anonymous_1)
FNDA:0,(anonymous_2)
FNDA:0,(anonymous_3)
FNDA:0,(anonymous_4)
FNDA:0,(anonymous_5)
FNDA:0,(anonymous_6)
FNDA:0,(anonymous_7)
FNDA:0,(anonymous_8)
FNDA:0,(anonymous_9)
FNDA:0,(anonymous_10)
FNDA:0,(anonymous_11)
FNDA:0,(anonymous_12)
FNDA:0,(anonymous_13)
FNDA:0,(anonymous_14)
FNDA:0,(anonymous_15)
FNDA:0,(anonymous_16)
FNDA:0,(anonymous_17)
FNDA:0,(anonymous_18)
FNDA:0,(anonymous_19)
FNDA:0,(anonymous_20)
FNDA:0,(anonymous_21)
FNDA:0,(anonymous_22)
DA:10,0
DA:11,0
DA:12,0
DA:13,0
DA:14,0
DA:15,0
DA:16,0
DA:17,0
DA:20,0
DA:21,0
DA:29,0
DA:30,0
DA:31,0
DA:32,0
DA:35,0
DA:38,0
DA:40,0
DA:43,0
DA:44,0
DA:46,0
DA:50,0
DA:54,0
DA:55,0
DA:58,0
DA:59,0
DA:63,0
DA:64,0
DA:65,0
DA:66,0
DA:71,0
DA:75,0
DA:76,0
DA:77,0
DA:78,0
DA:81,0
DA:82,0
DA:85,0
DA:86,0
DA:90,0
DA:91,0
DA:92,0
DA:95,0
DA:110,0
DA:115,0
DA:126,0
DA:164,0
DA:167,0
DA:174,0
DA:200,0
DA:207,0
DA:215,0
DA:216,0
DA:217,0
DA:219,0
DA:220,0
DA:224,0
DA:230,0
DA:236,0
DA:243,0
LF:59
LH:0
BRDA:55,0,0,0
BRDA:55,0,1,0
BRDA:58,1,0,0
BRDA:58,1,1,0
BRDA:63,2,0,0
BRDA:63,2,1,0
BRDA:66,3,0,0
BRDA:66,3,1,0
BRDA:91,4,0,0
BRDA:91,4,1,0
BRDA:143,5,0,0
BRDA:143,5,1,0
BRDA:143,5,2,0
BRDA:146,6,0,0
BRDA:146,6,1,0
BRDA:146,7,0,0
BRDA:146,7,1,0
BRDA:147,8,0,0
BRDA:147,8,1,0
BRDA:156,9,0,0
BRDA:156,9,1,0
BRDA:160,10,0,0
BRDA:160,10,1,0
BRDA:171,11,0,0
BRDA:171,11,1,0
BRDA:184,12,0,0
BRDA:184,12,1,0
BRDA:195,13,0,0
BRDA:195,13,1,0
BRDA:223,14,0,0
BRDA:223,14,1,0
BRF:31
BRH:0
end_of_record
TN:
SF:src\components\MaicaoProductos.jsx
FN:6,(anonymous_0)
FN:17,(anonymous_1)
FN:26,(anonymous_2)
FN:27,(anonymous_3)
FN:51,(anonymous_4)
FN:56,(anonymous_5)
FN:61,(anonymous_6)
FN:69,(anonymous_7)
FN:78,(anonymous_8)
FN:88,(anonymous_9)
FN:93,(anonymous_10)
FN:95,(anonymous_11)
FN:101,(anonymous_12)
FN:121,(anonymous_13)
FN:125,(anonymous_14)
FN:137,(anonymous_15)
FN:148,(anonymous_16)
FN:173,(anonymous_17)
FN:177,(anonymous_18)
FN:183,(anonymous_19)
FN:210,(anonymous_20)
FN:217,(anonymous_21)
FN:224,(anonymous_22)
FN:234,(anonymous_23)
FN:246,(anonymous_24)
FN:253,(anonymous_25)
FNF:26
FNH:0
FNDA:0,(anonymous_0)
FNDA:0,(anonymous_1)
FNDA:0,(anonymous_2)
FNDA:0,(anonymous_3)
FNDA:0,(anonymous_4)
FNDA:0,(anonymous_5)
FNDA:0,(anonymous_6)
FNDA:0,(anonymous_7)
FNDA:0,(anonymous_8)
FNDA:0,(anonymous_9)
FNDA:0,(anonymous_10)
FNDA:0,(anonymous_11)
FNDA:0,(anonymous_12)
FNDA:0,(anonymous_13)
FNDA:0,(anonymous_14)
FNDA:0,(anonymous_15)
FNDA:0,(anonymous_16)
FNDA:0,(anonymous_17)
FNDA:0,(anonymous_18)
FNDA:0,(anonymous_19)
FNDA:0,(anonymous_20)
FNDA:0,(anonymous_21)
FNDA:0,(anonymous_22)
FNDA:0,(anonymous_23)
FNDA:0,(anonymous_24)
FNDA:0,(anonymous_25)
DA:6,0
DA:7,0
DA:8,0
DA:9,0
DA:10,0
DA:11,0
DA:12,0
DA:13,0
DA:14,0
DA:17,0
DA:18,0
DA:26,0
DA:27,0
DA:28,0
DA:29,0
DA:32,0
DA:35,0
DA:37,0
DA:40,0
DA:41,0
DA:43,0
DA:47,0
DA:51,0
DA:52,0
DA:55,0
DA:56,0
DA:60,0
DA:61,0
DA:62,0
DA:68,0
DA:69,0
DA:70,0
DA:74,0
DA:78,0
DA:79,0
DA:80,0
DA:81,0
DA:84,0
DA:85,0
DA:88,0
DA:89,0
DA:93,0
DA:94,0
DA:95,0
DA:96,0
DA:98,0
DA:101,0
DA:102,0
DA:103,0
DA:104,0
DA:107,0
DA:121,0
DA:126,0
DA:137,0
DA:148,0
DA:174,0
DA:177,0
DA:184,0
DA:210,0
DA:217,0
DA:225,0
DA:226,0
DA:227,0
DA:229,0
DA:230,0
DA:234,0
DA:240,0
DA:246,0
DA:253,0
LF:69
LH:0
BRDA:52,0,0,0
BRDA:52,0,1,0
BRDA:55,1,0,0
BRDA:55,1,1,0
BRDA:60,2,0,0
BRDA:60,2,1,0
BRDA:62,3,0,0
BRDA:62,3,1,0
BRDA:68,4,0,0
BRDA:68,4,1,0
BRDA:96,5,0,0
BRDA:96,5,1,0
BRDA:102,6,0,0
BRDA:102,6,1,0
BRDA:103,7,0,0
BRDA:103,7,1,0
BRDA:104,8,0,0
BRDA:104,8,1,0
BRDA:154,9,0,0
BRDA:154,9,1,0
BRDA:158,10,0,0
BRDA:158,10,1,0
BRDA:163,11,0,0
BRDA:163,11,1,0
BRDA:163,12,0,0
BRDA:163,12,1,0
BRDA:164,13,0,0
BRDA:164,13,1,0
BRDA:181,14,0,0
BRDA:181,14,1,0
BRDA:194,15,0,0
BRDA:194,15,1,0
BRDA:205,16,0,0
BRDA:205,16,1,0
BRDA:233,17,0,0
BRDA:233,17,1,0
BRF:36
BRH:0
end_of_record
TN:
SF:src\components\PreunicProductos.jsx
FN:6,(anonymous_0)
FN:17,(anonymous_1)
FN:26,(anonymous_2)
FN:27,(anonymous_3)
FN:51,(anonymous_4)
FN:56,(anonymous_5)
FN:61,(anonymous_6)
FN:69,(anonymous_7)
FN:78,(anonymous_8)
FN:88,(anonymous_9)
FN:93,(anonymous_10)
FN:95,(anonymous_11)
FN:101,(anonymous_12)
FN:123,(anonymous_13)
FN:127,(anonymous_14)
FN:139,(anonymous_15)
FN:150,(anonymous_16)
FN:175,(anonymous_17)
FN:179,(anonymous_18)
FN:185,(anonymous_19)
FN:212,(anonymous_20)
FN:219,(anonymous_21)
FN:226,(anonymous_22)
FN:236,(anonymous_23)
FN:248,(anonymous_24)
FN:255,(anonymous_25)
FNF:26
FNH:0
FNDA:0,(anonymous_0)
FNDA:0,(anonymous_1)
FNDA:0,(anonymous_2)
FNDA:0,(anonymous_3)
FNDA:0,(anonymous_4)
FNDA:0,(anonymous_5)
FNDA:0,(anonymous_6)
FNDA:0,(anonymous_7)
FNDA:0,(anonymous_8)
FNDA:0,(anonymous_9)
FNDA:0,(anonymous_10)
FNDA:0,(anonymous_11)
FNDA:0,(anonymous_12)
FNDA:0,(anonymous_13)
FNDA:0,(anonymous_14)
FNDA:0,(anonymous_15)
FNDA:0,(anonymous_16)
FNDA:0,(anonymous_17)
FNDA:0,(anonymous_18)
FNDA:0,(anonymous_19)
FNDA:0,(anonymous_20)
FNDA:0,(anonymous_21)
FNDA:0,(anonymous_22)
FNDA:0,(anonymous_23)
FNDA:0,(anonymous_24)
FNDA:0,(anonymous_25)
DA:6,0
DA:7,0
DA:8,0
DA:9,0
DA:10,0
DA:11,0
DA:12,0
DA:13,0
DA:14,0
DA:17,0
DA:18,0
DA:26,0
DA:27,0
DA:28,0
DA:29,0
DA:32,0
DA:35,0
DA:37,0
DA:40,0
DA:41,0
DA:43,0
DA:47,0
DA:51,0
DA:52,0
DA:55,0
DA:56,0
DA:60,0
DA:61,0
DA:62,0
DA:68,0
DA:69,0
DA:70,0
DA:74,0
DA:78,0
DA:79,0
DA:80,0
DA:81,0
DA:84,0
DA:85,0
DA:88,0
DA:89,0
DA:93,0
DA:94,0
DA:95,0
DA:96,0
DA:98,0
DA:101,0
DA:102,0
DA:103,0
DA:104,0
DA:109,0
DA:123,0
DA:128,0
DA:139,0
DA:150,0
DA:176,0
DA:179,0
DA:186,0
DA:212,0
DA:219,0
DA:227,0
DA:228,0
DA:229,0
DA:231,0
DA:232,0
DA:236,0
DA:242,0
DA:248,0
DA:255,0
LF:69
LH:0
BRDA:52,0,0,0
BRDA:52,0,1,0
BRDA:55,1,0,0
BRDA:55,1,1,0
BRDA:60,2,0,0
BRDA:60,2,1,0
BRDA:62,3,0,0
BRDA:62,3,1,0
BRDA:68,4,0,0
BRDA:68,4,1,0
BRDA:96,5,0,0
BRDA:96,5,1,0
BRDA:102,6,0,0
BRDA:102,6,1,0
BRDA:103,7,0,0
BRDA:103,7,1,0
BRDA:104,8,0,0
BRDA:104,8,1,0
BRDA:156,9,0,0
BRDA:156,9,1,0
BRDA:160,10,0,0
BRDA:160,10,1,0
BRDA:165,11,0,0
BRDA:165,11,1,0
BRDA:165,12,0,0
BRDA:165,12,1,0
BRDA:166,13,0,0
BRDA:166,13,1,0
BRDA:183,14,0,0
BRDA:183,14,1,0
BRDA:196,15,0,0
BRDA:196,15,1,0
BRDA:207,16,0,0
BRDA:207,16,1,0
BRDA:235,17,0,0
BRDA:235,17,1,0
BRF:36
BRH:0
end_of_record
TN:
SF:src\components\PriceAlertModal.jsx
FN:6,(anonymous_0)
FN:12,(anonymous_1)
FN:25,(anonymous_2)
FN:97,(anonymous_3)
FNF:4
FNH:1
FNDA:5,(anonymous_0)
FNDA:0,(anonymous_1)
FNDA:0,(anonymous_2)
FNDA:0,(anonymous_3)
DA:6,1
DA:7,5
DA:8,5
DA:9,5
DA:10,5
DA:12,5
DA:13,0
DA:14,0
DA:17,0
DA:18,0
DA:19,0
DA:22,0
DA:25,5
DA:26,0
DA:27,0
DA:29,0
DA:34,0
DA:35,0
DA:40,0
DA:45,0
DA:46,0
DA:47,0
DA:50,0
DA:51,0
DA:56,0
DA:57,0
DA:58,0
DA:61,0
DA:62,0
DA:63,0
DA:65,0
DA:67,0
DA:68,0
DA:73,0
DA:75,0
DA:76,0
DA:84,0
DA:85,0
DA:93,0
DA:97,5
DA:98,0
DA:99,0
DA:102,5
LF:43
LH:9
BRDA:13,0,0,0
BRDA:13,0,1,0
BRDA:18,1,0,0
BRDA:18,1,1,0
BRDA:65,2,0,0
BRDA:65,2,1,0
BRDA:65,3,0,0
BRDA:65,3,1,0
BRDA:73,4,0,0
BRDA:73,4,1,0
BRDA:120,5,0,5
BRDA:120,5,1,5
BRF:12
BRH:2
end_of_record
TN:
SF:src\components\ProductDetailLegacy.jsx
FN:17,(anonymous_0)
FN:26,(anonymous_1)
FN:31,(anonymous_2)
FN:44,(anonymous_3)
FN:51,(anonymous_4)
FN:85,(anonymous_5)
FNF:6
FNH:0
FNDA:0,(anonymous_0)
FNDA:0,(anonymous_1)
FNDA:0,(anonymous_2)
FNDA:0,(anonymous_3)
FNDA:0,(anonymous_4)
FNDA:0,(anonymous_5)
DA:14,0
DA:15,0
DA:17,0
DA:18,0
DA:19,0
DA:26,0
DA:27,0
DA:28,0
DA:31,0
DA:32,0
DA:34,0
DA:36,0
DA:38,0
DA:40,0
DA:44,0
DA:45,0
DA:51,0
DA:52,0
DA:53,0
DA:56,0
DA:62,0
DA:86,0
LF:22
LH:0
BRDA:18,0,0,0
BRDA:18,0,1,0
BRDA:32,1,0,0
BRDA:32,1,1,0
BRDA:32,1,2,0
BRDA:32,1,3,0
BRDA:40,2,0,0
BRDA:40,2,1,0
BRDA:52,3,0,0
BRDA:52,3,1,0
BRDA:52,4,0,0
BRDA:52,4,1,0
BRDA:53,5,0,0
BRDA:53,5,1,0
BRDA:58,6,0,0
BRDA:58,6,1,0
BRDA:77,7,0,0
BRDA:77,7,1,0
BRDA:102,8,0,0
BRDA:102,8,1,0
BRDA:108,9,0,0
BRDA:108,9,1,0
BRDA:114,10,0,0
BRDA:114,10,1,0
BRDA:122,11,0,0
BRDA:122,11,1,0
BRDA:132,12,0,0
BRDA:132,12,1,0
BRF:28
BRH:0
end_of_record
TN:
SF:src\components\ProductList.jsx
FN:5,(anonymous_0)
FN:10,(anonymous_1)
FN:11,(anonymous_2)
FN:53,(anonymous_3)
FN:59,(anonymous_4)
FNF:5
FNH:0
FNDA:0,(anonymous_0)
FNDA:0,(anonymous_1)
FNDA:0,(anonymous_2)
FNDA:0,(anonymous_3)
FNDA:0,(anonymous_4)
DA:5,0
DA:6,0
DA:7,0
DA:8,0
DA:10,0
DA:11,0
DA:12,0
DA:13,0
DA:14,0
DA:15,0
DA:16,0
DA:18,0
DA:19,0
DA:21,0
DA:25,0
DA:28,0
DA:29,0
DA:37,0
DA:38,0
DA:46,0
DA:54,0
DA:60,0
LF:22
LH:0
BRDA:15,0,0,0
BRDA:15,0,1,0
BRDA:28,1,0,0
BRDA:28,1,1,0
BRDA:37,2,0,0
BRDA:37,2,1,0
BRDA:49,3,0,0
BRDA:49,3,1,0
BRDA:57,4,0,0
BRDA:57,4,1,0
BRDA:69,5,0,0
BRDA:69,5,1,0
BRF:12
BRH:0
end_of_record
TN:
SF:src\components\ProductReviews.jsx
FN:26,(anonymous_0)
FN:33,(anonymous_1)
FN:54,(anonymous_2)
FN:64,(anonymous_3)
FN:70,(anonymous_4)
FN:75,(anonymous_5)
FN:93,(anonymous_6)
FN:152,(anonymous_7)
FN:162,(anonymous_8)
FN:199,(anonymous_9)
FN:210,(anonymous_10)
FN:261,(anonymous_11)
FNF:12
FNH:0
FNDA:0,(anonymous_0)
FNDA:0,(anonymous_1)
FNDA:0,(anonymous_2)
FNDA:0,(anonymous_3)
FNDA:0,(anonymous_4)
FNDA:0,(anonymous_5)
FNDA:0,(anonymous_6)
FNDA:0,(anonymous_7)
FNDA:0,(anonymous_8)
FNDA:0,(anonymous_9)
FNDA:0,(anonymous_10)
FNDA:0,(anonymous_11)
DA:22,0
DA:24,0
DA:26,0
DA:27,0
DA:28,0
DA:29,0
DA:30,0
DA:31,0
DA:33,0
DA:34,0
DA:35,0
DA:36,0
DA:37,0
DA:38,0
DA:40,0
DA:41,0
DA:44,0
DA:45,0
DA:47,0
DA:50,0
DA:54,0
DA:55,0
DA:56,0
DA:59,0
DA:60,0
DA:64,0
DA:65,0
DA:66,0
DA:67,0
DA:70,0
DA:72,0
DA:75,0
DA:76,0
DA:79,0
DA:80,0
DA:94,0
DA:106,0
DA:107,0
DA:124,0
DA:125,0
DA:152,0
DA:162,0
DA:170,0
DA:172,0
DA:199,0
DA:211,0
DA:261,0
LF:47
LH:0
BRDA:41,0,0,0
BRDA:41,0,1,0
BRDA:44,1,0,0
BRDA:44,1,1,0
BRDA:44,2,0,0
BRDA:44,2,1,0
BRDA:55,3,0,0
BRDA:55,3,1,0
BRDA:55,4,0,0
BRDA:55,4,1,0
BRDA:55,4,2,0
BRDA:79,5,0,0
BRDA:79,5,1,0
BRDA:106,6,0,0
BRDA:106,6,1,0
BRDA:124,7,0,0
BRDA:124,7,1,0
BRDA:124,8,0,0
BRDA:124,8,1,0
BRDA:153,9,0,0
BRDA:153,9,1,0
BRDA:153,9,2,0
BRDA:170,10,0,0
BRDA:200,11,0,0
BRDA:200,11,1,0
BRDA:200,11,2,0
BRDA:215,12,0,0
BRDA:215,12,1,0
BRDA:237,13,0,0
BRDA:237,13,1,0
BRDA:246,14,0,0
BRDA:246,14,1,0
BRF:32
BRH:0
end_of_record
TN:
SF:src\components\StoreComparison.jsx
FN:30,(anonymous_0)
FN:38,(anonymous_1)
FN:45,(anonymous_2)
FN:49,(anonymous_3)
FN:56,(anonymous_4)
FN:61,(anonymous_5)
FN:66,(anonymous_6)
FN:71,(anonymous_7)
FN:76,(anonymous_8)
FN:89,(anonymous_9)
FN:94,(anonymous_10)
FN:99,(anonymous_11)
FN:111,(anonymous_12)
FN:149,(anonymous_13)
FN:211,(anonymous_14)
FNF:15
FNH:0
FNDA:0,(anonymous_0)
FNDA:0,(anonymous_1)
FNDA:0,(anonymous_2)
FNDA:0,(anonymous_3)
FNDA:0,(anonymous_4)
FNDA:0,(anonymous_5)
FNDA:0,(anonymous_6)
FNDA:0,(anonymous_7)
FNDA:0,(anonymous_8)
FNDA:0,(anonymous_9)
FNDA:0,(anonymous_10)
FNDA:0,(anonymous_11)
FNDA:0,(anonymous_12)
FNDA:0,(anonymous_13)
FNDA:0,(anonymous_14)
DA:19,0
DA:30,0
DA:38,0
DA:39,0
DA:40,0
DA:41,0
DA:45,0
DA:46,0
DA:47,0
DA:49,0
DA:56,0
DA:57,0
DA:61,0
DA:62,0
DA:66,0
DA:67,0
DA:71,0
DA:72,0
DA:76,0
DA:77,0
DA:78,0
DA:85,0
DA:89,0
DA:90,0
DA:94,0
DA:95,0
DA:99,0
DA:100,0
DA:101,0
DA:103,0
DA:104,0
DA:107,0
DA:111,0
DA:112,0
DA:120,0
DA:121,0
DA:129,0
DA:130,0
DA:140,0
DA:150,0
DA:151,0
DA:152,0
DA:153,0
DA:154,0
DA:155,0
DA:156,0
DA:157,0
DA:159,0
DA:212,0
DA:214,0
DA:216,0
DA:241,0
LF:52
LH:0
BRDA:31,0,0,0
BRDA:32,1,0,0
BRDA:33,2,0,0
BRDA:39,3,0,0
BRDA:39,3,1,0
BRDA:39,3,2,0
BRDA:40,4,0,0
BRDA:40,4,1,0
BRDA:40,4,2,0
BRDA:46,5,0,0
BRDA:46,5,1,0
BRDA:57,6,0,0
BRDA:57,6,1,0
BRDA:57,6,2,0
BRDA:62,7,0,0
BRDA:62,7,1,0
BRDA:62,7,2,0
BRDA:67,8,0,0
BRDA:67,8,1,0
BRDA:67,8,2,0
BRDA:72,9,0,0
BRDA:72,9,1,0
BRDA:72,9,2,0
BRDA:72,9,3,0
BRDA:77,10,0,0
BRDA:77,10,1,0
BRDA:79,11,0,0
BRDA:79,11,1,0
BRDA:82,12,0,0
BRDA:82,12,1,0
BRDA:82,12,2,0
BRDA:90,13,0,0
BRDA:90,13,1,0
BRDA:90,13,2,0
BRDA:95,14,0,0
BRDA:95,14,1,0
BRDA:95,14,2,0
BRDA:103,15,0,0
BRDA:103,15,1,0
BRDA:103,16,0,0
BRDA:103,16,1,0
BRDA:104,17,0,0
BRDA:104,17,1,0
BRDA:120,18,0,0
BRDA:120,18,1,0
BRDA:129,19,0,0
BRDA:129,19,1,0
BRDA:129,20,0,0
BRDA:129,20,1,0
BRDA:172,21,0,0
BRDA:172,21,1,0
BRDA:174,22,0,0
BRDA:174,22,1,0
BRDA:180,23,0,0
BRDA:180,23,1,0
BRDA:197,24,0,0
BRDA:197,24,1,0
BRDA:203,25,0,0
BRDA:203,25,1,0
BRDA:214,26,0,0
BRDA:214,26,1,0
BRDA:214,27,0,0
BRDA:214,27,1,0
BRDA:227,28,0,0
BRDA:227,28,1,0
BRDA:235,29,0,0
BRDA:235,29,1,0
BRDA:251,30,0,0
BRDA:251,30,1,0
BRDA:265,31,0,0
BRDA:265,31,1,0
BRDA:299,32,0,0
BRDA:299,32,1,0
BRF:73
BRH:0
end_of_record
TN:
SF:src\config\axios.js
FNF:0
FNH:0
DA:4,0
LF:1
LH:0
BRF:0
BRH:0
end_of_record
TN:
SF:src\controllers\DashboardController.js
FN:8,(anonymous_0)
FN:23,(anonymous_1)
FN:25,(anonymous_2)
FN:31,(anonymous_3)
FN:32,(anonymous_4)
FN:38,(anonymous_5)
FN:46,(anonymous_6)
FN:84,(anonymous_7)
FN:101,(anonymous_8)
FN:102,(anonymous_9)
FN:108,(anonymous_10)
FN:110,(anonymous_11)
FN:119,(anonymous_12)
FN:120,(anonymous_13)
FN:130,(anonymous_14)
FN:134,(anonymous_15)
FN:141,(anonymous_16)
FN:146,(anonymous_17)
FN:155,(anonymous_18)
FN:168,(anonymous_19)
FN:187,(anonymous_20)
FN:194,(anonymous_21)
FNF:22
FNH:0
FNDA:0,(anonymous_0)
FNDA:0,(anonymous_1)
FNDA:0,(anonymous_2)
FNDA:0,(anonymous_3)
FNDA:0,(anonymous_4)
FNDA:0,(anonymous_5)
FNDA:0,(anonymous_6)
FNDA:0,(anonymous_7)
FNDA:0,(anonymous_8)
FNDA:0,(anonymous_9)
FNDA:0,(anonymous_10)
FNDA:0,(anonymous_11)
FNDA:0,(anonymous_12)
FNDA:0,(anonymous_13)
FNDA:0,(anonymous_14)
FNDA:0,(anonymous_15)
FNDA:0,(anonymous_16)
FNDA:0,(anonymous_17)
FNDA:0,(anonymous_18)
FNDA:0,(anonymous_19)
FNDA:0,(anonymous_20)
FNDA:0,(anonymous_21)
DA:9,0
DA:17,0
DA:24,0
DA:25,0
DA:32,0
DA:39,0
DA:40,0
DA:47,0
DA:49,0
DA:52,0
DA:54,0
DA:57,0
DA:60,0
DA:69,0
DA:72,0
DA:73,0
DA:77,0
DA:85,0
DA:87,0
DA:102,0
DA:108,0
DA:110,0
DA:120,0
DA:131,0
DA:133,0
DA:134,0
DA:142,0
DA:144,0
DA:145,0
DA:147,0
DA:156,0
DA:158,0
DA:169,0
DA:171,0
DA:188,0
DA:195,0
DA:207,0
LF:37
LH:0
BRDA:46,0,0,0
BRDA:52,1,0,0
BRDA:52,1,1,0
BRDA:61,2,0,0
BRDA:61,2,1,0
BRDA:62,3,0,0
BRDA:62,3,1,0
BRDA:63,4,0,0
BRDA:63,4,1,0
BRDA:64,5,0,0
BRDA:64,5,1,0
BRDA:65,6,0,0
BRDA:65,6,1,0
BRDA:88,7,0,0
BRDA:88,7,1,0
BRDA:88,7,2,0
BRDA:89,8,0,0
BRDA:89,8,1,0
BRDA:90,9,0,0
BRDA:90,9,1,0
BRDA:91,10,0,0
BRDA:91,10,1,0
BRDA:92,11,0,0
BRDA:92,11,1,0
BRDA:93,12,0,0
BRDA:93,12,1,0
BRDA:94,13,0,0
BRDA:94,13,1,0
BRDA:94,13,2,0
BRDA:103,14,0,0
BRDA:103,14,1,0
BRDA:105,15,0,0
BRDA:105,15,1,0
BRDA:107,16,0,0
BRDA:107,16,1,0
BRDA:107,17,0,0
BRDA:107,17,1,0
BRDA:107,18,0,0
BRDA:107,18,1,0
BRDA:109,19,0,0
BRDA:109,19,1,0
BRDA:110,20,0,0
BRDA:110,20,1,0
BRDA:111,21,0,0
BRDA:111,21,1,0
BRDA:112,22,0,0
BRDA:112,22,1,0
BRDA:112,23,0,0
BRDA:112,23,1,0
BRDA:131,24,0,0
BRDA:131,24,1,0
BRDA:142,25,0,0
BRDA:142,25,1,0
BRDA:147,26,0,0
BRDA:147,26,1,0
BRDA:159,27,0,0
BRDA:159,27,1,0
BRDA:187,28,0,0
BRF:58
BRH:0
end_of_record
TN:
SF:src\controllers\ETLController.js
FN:8,(anonymous_0)
FN:37,(anonymous_1)
FN:39,(anonymous_2)
FN:45,(anonymous_3)
FN:46,(anonymous_4)
FN:52,(anonymous_5)
FN:60,(anonymous_6)
FN:89,(anonymous_7)
FN:116,(anonymous_8)
FN:139,(anonymous_9)
FN:159,(anonymous_10)
FN:177,(anonymous_11)
FN:197,(anonymous_12)
FN:215,(anonymous_13)
FN:235,(anonymous_14)
FN:253,(anonymous_15)
FN:270,(anonymous_16)
FN:279,(anonymous_17)
FN:280,(anonymous_18)
FN:284,(anonymous_19)
FN:285,(anonymous_20)
FN:295,(anonymous_21)
FN:297,(anonymous_22)
FN:303,(anonymous_23)
FN:304,(anonymous_24)
FN:310,(anonymous_25)
FN:317,(anonymous_26)
FN:324,(anonymous_27)
FN:347,(anonymous_28)
FN:369,(anonymous_29)
FN:376,(anonymous_30)
FNF:31
FNH:0
FNDA:0,(anonymous_0)
FNDA:0,(anonymous_1)
FNDA:0,(anonymous_2)
FNDA:0,(anonymous_3)
FNDA:0,(anonymous_4)
FNDA:0,(anonymous_5)
FNDA:0,(anonymous_6)
FNDA:0,(anonymous_7)
FNDA:0,(anonymous_8)
FNDA:0,(anonymous_9)
FNDA:0,(anonymous_10)
FNDA:0,(anonymous_11)
FNDA:0,(anonymous_12)
FNDA:0,(anonymous_13)
FNDA:0,(anonymous_14)
FNDA:0,(anonymous_15)
FNDA:0,(anonymous_16)
FNDA:0,(anonymous_17)
FNDA:0,(anonymous_18)
FNDA:0,(anonymous_19)
FNDA:0,(anonymous_20)
FNDA:0,(anonymous_21)
FNDA:0,(anonymous_22)
FNDA:0,(anonymous_23)
FNDA:0,(anonymous_24)
FNDA:0,(anonymous_25)
FNDA:0,(anonymous_26)
FNDA:0,(anonymous_27)
FNDA:0,(anonymous_28)
FNDA:0,(anonymous_29)
FNDA:0,(anonymous_30)
DA:9,0
DA:31,0
DA:38,0
DA:39,0
DA:46,0
DA:53,0
DA:54,0
DA:61,0
DA:63,0
DA:64,0
DA:66,0
DA:74,0
DA:77,0
DA:78,0
DA:82,0
DA:90,0
DA:95,0
DA:96,0
DA:98,0
DA:100,0
DA:116,0
DA:118,0
DA:121,0
DA:122,0
DA:131,0
DA:132,0
DA:140,0
DA:145,0
DA:146,0
DA:148,0
DA:150,0
DA:159,0
DA:161,0
DA:164,0
DA:165,0
DA:169,0
DA:170,0
DA:178,0
DA:183,0
DA:184,0
DA:186,0
DA:188,0
DA:197,0
DA:199,0
DA:202,0
DA:203,0
DA:207,0
DA:208,0
DA:216,0
DA:221,0
DA:222,0
DA:224,0
DA:226,0
DA:235,0
DA:237,0
DA:240,0
DA:241,0
DA:245,0
DA:246,0
DA:254,0
DA:262,0
DA:264,0
DA:271,0
DA:273,0
DA:274,0
DA:276,0
DA:279,0
DA:280,0
DA:284,0
DA:285,0
DA:296,0
DA:297,0
DA:304,0
DA:311,0
DA:318,0
DA:325,0
DA:328,0
DA:329,0
DA:330,0
DA:335,0
DA:336,0
DA:337,0
DA:341,0
DA:348,0
DA:349,0
DA:350,0
DA:352,0
DA:370,0
DA:377,0
DA:403,0
LF:90
LH:0
BRDA:89,0,0,0
BRDA:139,1,0,0
BRDA:177,2,0,0
BRDA:253,3,0,0
BRDA:273,4,0,0
BRDA:273,4,1,0
BRDA:274,5,0,0
BRDA:274,5,1,0
BRDA:280,6,0,0
BRDA:280,6,1,0
BRDA:285,7,0,0
BRDA:285,7,1,0
BRDA:287,8,0,0
BRDA:287,8,1,0
BRDA:310,9,0,0
BRDA:328,10,0,0
BRDA:328,10,1,0
BRDA:329,11,0,0
BRDA:329,11,1,0
BRDA:335,12,0,0
BRDA:335,12,1,0
BRDA:336,13,0,0
BRDA:336,13,1,0
BRDA:353,14,0,0
BRDA:353,14,1,0
BRDA:353,15,0,0
BRDA:353,15,1,0
BRDA:354,16,0,0
BRDA:354,16,1,0
BRF:29
BRH:0
end_of_record
TN:
SF:src\controllers\ProductoController.js
FN:8,(anonymous_0)
FN:34,(anonymous_1)
FN:36,(anonymous_2)
FN:42,(anonymous_3)
FN:43,(anonymous_4)
FN:49,(anonymous_5)
FN:57,(anonymous_6)
FN:98,(anonymous_7)
FN:129,(anonymous_8)
FN:161,(anonymous_9)
FN:168,(anonymous_10)
FN:175,(anonymous_11)
FN:182,(anonymous_12)
FN:194,(anonymous_13)
FN:208,(anonymous_14)
FN:222,(anonymous_15)
FN:223,(anonymous_16)
FN:242,(anonymous_17)
FN:243,(anonymous_18)
FN:252,(anonymous_19)
FN:255,(anonymous_20)
FN:263,(anonymous_21)
FN:266,(anonymous_22)
FN:288,(anonymous_23)
FN:290,(anonymous_24)
FN:290,(anonymous_25)
FN:297,(anonymous_26)
FN:298,(anonymous_27)
FN:298,(anonymous_28)
FN:299,(anonymous_29)
FN:306,(anonymous_30)
FN:316,(anonymous_31)
FN:319,(anonymous_32)
FN:320,(anonymous_33)
FN:326,(anonymous_34)
FN:333,(anonymous_35)
FN:340,(anonymous_36)
FNF:37
FNH:0
FNDA:0,(anonymous_0)
FNDA:0,(anonymous_1)
FNDA:0,(anonymous_2)
FNDA:0,(anonymous_3)
FNDA:0,(anonymous_4)
FNDA:0,(anonymous_5)
FNDA:0,(anonymous_6)
FNDA:0,(anonymous_7)
FNDA:0,(anonymous_8)
FNDA:0,(anonymous_9)
FNDA:0,(anonymous_10)
FNDA:0,(anonymous_11)
FNDA:0,(anonymous_12)
FNDA:0,(anonymous_13)
FNDA:0,(anonymous_14)
FNDA:0,(anonymous_15)
FNDA:0,(anonymous_16)
FNDA:0,(anonymous_17)
FNDA:0,(anonymous_18)
FNDA:0,(anonymous_19)
FNDA:0,(anonymous_20)
FNDA:0,(anonymous_21)
FNDA:0,(anonymous_22)
FNDA:0,(anonymous_23)
FNDA:0,(anonymous_24)
FNDA:0,(anonymous_25)
FNDA:0,(anonymous_26)
FNDA:0,(anonymous_27)
FNDA:0,(anonymous_28)
FNDA:0,(anonymous_29)
FNDA:0,(anonymous_30)
FNDA:0,(anonymous_31)
FNDA:0,(anonymous_32)
FNDA:0,(anonymous_33)
FNDA:0,(anonymous_34)
FNDA:0,(anonymous_35)
FNDA:0,(anonymous_36)
DA:9,0
DA:28,0
DA:35,0
DA:36,0
DA:43,0
DA:50,0
DA:51,0
DA:58,0
DA:60,0
DA:61,0
DA:64,0
DA:65,0
DA:67,0
DA:71,0
DA:73,0
DA:83,0
DA:86,0
DA:87,0
DA:91,0
DA:99,0
DA:101,0
DA:102,0
DA:104,0
DA:114,0
DA:117,0
DA:118,0
DA:122,0
DA:130,0
DA:132,0
DA:135,0
DA:136,0
DA:138,0
DA:141,0
DA:146,0
DA:149,0
DA:150,0
DA:154,0
DA:162,0
DA:169,0
DA:176,0
DA:183,0
DA:195,0
DA:196,0
DA:197,0
DA:198,0
DA:200,0
DA:201,0
DA:209,0
DA:210,0
DA:211,0
DA:212,0
DA:214,0
DA:215,0
DA:223,0
DA:243,0
DA:244,0
DA:245,0
DA:253,0
DA:255,0
DA:256,0
DA:264,0
DA:266,0
DA:267,0
DA:269,0
DA:271,0
DA:273,0
DA:275,0
DA:277,0
DA:281,0
DA:282,0
DA:289,0
DA:290,0
DA:292,0
DA:297,0
DA:298,0
DA:299,0
DA:307,0
DA:310,0
DA:317,0
DA:318,0
DA:319,0
DA:320,0
DA:327,0
DA:334,0
DA:341,0
DA:362,0
LF:86
LH:0
BRDA:57,0,0,0
BRDA:57,1,0,0
BRDA:64,2,0,0
BRDA:64,2,1,0
BRDA:71,3,0,0
BRDA:71,3,1,0
BRDA:71,4,0,0
BRDA:71,4,1,0
BRDA:78,5,0,0
BRDA:78,5,1,0
BRDA:98,6,0,0
BRDA:105,7,0,0
BRDA:105,7,1,0
BRDA:109,8,0,0
BRDA:109,8,1,0
BRDA:129,9,0,0
BRDA:135,10,0,0
BRDA:135,10,1,0
BRDA:224,11,0,0
BRDA:224,11,1,0
BRDA:226,12,0,0
BRDA:226,12,1,0
BRDA:228,13,0,0
BRDA:228,13,1,0
BRDA:228,13,2,0
BRDA:229,14,0,0
BRDA:229,14,1,0
BRDA:229,14,2,0
BRDA:230,15,0,0
BRDA:230,15,1,0
BRDA:231,16,0,0
BRDA:231,16,1,0
BRDA:232,17,0,0
BRDA:232,17,1,0
BRDA:233,18,0,0
BRDA:233,18,1,0
BRDA:234,19,0,0
BRDA:234,19,1,0
BRDA:234,19,2,0
BRDA:235,20,0,0
BRDA:235,20,1,0
BRDA:245,21,0,0
BRDA:245,21,1,0
BRDA:253,22,0,0
BRDA:253,22,1,0
BRDA:263,23,0,0
BRDA:267,24,0,0
BRDA:267,24,1,0
BRDA:267,24,2,0
BRDA:267,24,3,0
BRDA:267,24,4,0
BRDA:269,25,0,0
BRDA:269,25,1,0
BRDA:269,25,2,0
BRDA:269,26,0,0
BRDA:269,26,1,0
BRDA:269,26,2,0
BRDA:271,27,0,0
BRDA:271,27,1,0
BRDA:271,27,2,0
BRDA:271,28,0,0
BRDA:271,28,1,0
BRDA:271,28,2,0
BRDA:275,29,0,0
BRDA:275,29,1,0
BRDA:275,30,0,0
BRDA:275,30,1,0
BRDA:295,31,0,0
BRDA:295,31,1,0
BRDA:296,32,0,0
BRDA:296,32,1,0
BRDA:297,33,0,0
BRDA:297,33,1,0
BRDA:319,34,0,0
BRDA:319,34,1,0
BRF:75
BRH:0
end_of_record
TN:
SF:src\pages\Home.jsx
FN:4,(anonymous_0)
FNF:1
FNH:0
FNDA:0,(anonymous_0)
DA:4,0
DA:5,0
LF:2
LH:0
BRF:0
BRH:0
end_of_record
TN:
SF:src\pages\alertas-test\AlertasTest.jsx
FN:10,(anonymous_0)
FN:20,(anonymous_1)
FN:35,(anonymous_2)
FN:78,(anonymous_3)
FN:85,(anonymous_4)
FN:92,(anonymous_5)
FN:175,(anonymous_6)
FNF:7
FNH:0
FNDA:0,(anonymous_0)
FNDA:0,(anonymous_1)
FNDA:0,(anonymous_2)
FNDA:0,(anonymous_3)
FNDA:0,(anonymous_4)
FNDA:0,(anonymous_5)
FNDA:0,(anonymous_6)
DA:8,0
DA:10,0
DA:11,0
DA:12,0
DA:13,0
DA:20,0
DA:21,0
DA:22,0
DA:27,0
DA:28,0
DA:30,0
DA:31,0
DA:35,0
DA:36,0
DA:39,0
DA:78,0
DA:85,0
DA:92,0
DA:175,0
LF:19
LH:0
BRDA:24,0,0,0
BRDA:24,0,1,0
BRF:2
BRH:0
end_of_record
TN:
SF:src\pages\buscador\Buscador.jsx
FN:22,(anonymous_0)
FN:37,(anonymous_1)
FN:46,(anonymous_2)
FN:47,(anonymous_3)
FN:57,(anonymous_4)
FN:58,(anonymous_5)
FN:79,(anonymous_6)
FN:80,(anonymous_7)
FN:109,(anonymous_8)
FN:114,(anonymous_9)
FN:119,(anonymous_10)
FN:128,(anonymous_11)
FN:138,(anonymous_12)
FN:143,(anonymous_13)
FN:144,(anonymous_14)
FN:152,(anonymous_15)
FN:154,(anonymous_16)
FN:155,(anonymous_17)
FN:194,(anonymous_18)
FN:208,(anonymous_19)
FN:217,(anonymous_20)
FN:237,(anonymous_21)
FN:241,(anonymous_22)
FN:248,(anonymous_23)
FN:263,(anonymous_24)
FN:301,(anonymous_25)
FN:308,(anonymous_26)
FN:316,(anonymous_27)
FN:326,(anonymous_28)
FN:346,(anonymous_29)
FN:353,(anonymous_30)
FNF:31
FNH:0
FNDA:0,(anonymous_0)
FNDA:0,(anonymous_1)
FNDA:0,(anonymous_2)
FNDA:0,(anonymous_3)
FNDA:0,(anonymous_4)
FNDA:0,(anonymous_5)
FNDA:0,(anonymous_6)
FNDA:0,(anonymous_7)
FNDA:0,(anonymous_8)
FNDA:0,(anonymous_9)
FNDA:0,(anonymous_10)
FNDA:0,(anonymous_11)
FNDA:0,(anonymous_12)
FNDA:0,(anonymous_13)
FNDA:0,(anonymous_14)
FNDA:0,(anonymous_15)
FNDA:0,(anonymous_16)
FNDA:0,(anonymous_17)
FNDA:0,(anonymous_18)
FNDA:0,(anonymous_19)
FNDA:0,(anonymous_20)
FNDA:0,(anonymous_21)
FNDA:0,(anonymous_22)
FNDA:0,(anonymous_23)
FNDA:0,(anonymous_24)
FNDA:0,(anonymous_25)
FNDA:0,(anonymous_26)
FNDA:0,(anonymous_27)
FNDA:0,(anonymous_28)
FNDA:0,(anonymous_29)
FNDA:0,(anonymous_30)
DA:18,0
DA:19,0
DA:20,0
DA:22,0
DA:23,0
DA:24,0
DA:25,0
DA:27,0
DA:28,0
DA:29,0
DA:30,0
DA:31,0
DA:32,0
DA:33,0
DA:34,0
DA:37,0
DA:38,0
DA:46,0
DA:47,0
DA:48,0
DA:49,0
DA:50,0
DA:52,0
DA:53,0
DA:55,0
DA:57,0
DA:58,0
DA:60,0
DA:61,0
DA:63,0
DA:65,0
DA:66,0
DA:71,0
DA:75,0
DA:79,0
DA:80,0
DA:81,0
DA:82,0
DA:83,0
DA:86,0
DA:87,0
DA:90,0
DA:93,0
DA:95,0
DA:98,0
DA:99,0
DA:101,0
DA:105,0
DA:109,0
DA:110,0
DA:113,0
DA:114,0
DA:118,0
DA:119,0
DA:120,0
DA:124,0
DA:128,0
DA:129,0
DA:130,0
DA:131,0
DA:134,0
DA:135,0
DA:138,0
DA:139,0
DA:143,0
DA:144,0
DA:145,0
DA:146,0
DA:147,0
DA:148,0
DA:152,0
DA:153,0
DA:154,0
DA:155,0
DA:157,0
DA:158,0
DA:159,0
DA:160,0
DA:163,0
DA:164,0
DA:178,0
DA:195,0
DA:209,0
DA:218,0
DA:238,0
DA:241,0
DA:249,0
DA:264,0
DA:265,0
DA:301,0
DA:308,0
DA:317,0
DA:318,0
DA:319,0
DA:321,0
DA:322,0
DA:326,0
DA:341,0
DA:346,0
DA:353,0
LF:100
LH:0
BRDA:25,0,0,0
BRDA:25,0,1,0
BRDA:57,1,0,0
BRDA:57,1,1,0
BRDA:58,2,0,0
BRDA:58,2,1,0
BRDA:81,3,0,0
BRDA:81,3,1,0
BRDA:110,4,0,0
BRDA:110,4,1,0
BRDA:113,5,0,0
BRDA:113,5,1,0
BRDA:113,6,0,0
BRDA:113,6,1,0
BRDA:118,7,0,0
BRDA:118,7,1,0
BRDA:118,8,0,0
BRDA:118,8,1,0
BRDA:144,9,0,0
BRDA:144,9,1,0
BRDA:154,10,0,0
BRDA:154,10,1,0
BRDA:163,11,0,0
BRDA:163,11,1,0
BRDA:215,12,0,0
BRDA:215,12,1,0
BRDA:223,13,0,0
BRDA:223,13,1,0
BRDA:227,14,0,0
BRDA:227,14,1,0
BRDA:227,15,0,0
BRDA:227,15,1,0
BRDA:228,16,0,0
BRDA:228,16,1,0
BRDA:246,17,0,0
BRDA:246,17,1,0
BRDA:257,18,0,0
BRDA:257,18,1,0
BRDA:257,19,0,0
BRDA:257,19,1,0
BRDA:272,20,0,0
BRDA:272,20,1,0
BRDA:274,21,0,0
BRDA:274,21,1,0
BRDA:284,22,0,0
BRDA:284,22,1,0
BRDA:325,23,0,0
BRDA:325,23,1,0
BRDA:331,24,0,0
BRDA:331,24,1,0
BRF:50
BRH:0
end_of_record
TN:
SF:src\pages\dashboard\Dashboard.jsx
FN:34,(anonymous_0)
FN:44,(anonymous_1)
FN:45,(anonymous_2)
FN:59,(anonymous_3)
FN:66,(anonymous_4)
FN:104,(anonymous_5)
FN:105,(anonymous_6)
FN:119,(anonymous_7)
FN:130,(anonymous_8)
FN:130,(anonymous_9)
FN:133,(anonymous_10)
FN:139,(anonymous_11)
FN:147,(anonymous_12)
FN:221,(anonymous_13)
FN:225,(anonymous_14)
FN:236,(anonymous_15)
FN:240,(anonymous_16)
FN:249,(anonymous_17)
FN:267,(anonymous_18)
FN:271,(anonymous_19)
FN:278,(anonymous_20)
FN:293,(anonymous_21)
FN:324,(anonymous_22)
FNF:23
FNH:0
FNDA:0,(anonymous_0)
FNDA:0,(anonymous_1)
FNDA:0,(anonymous_2)
FNDA:0,(anonymous_3)
FNDA:0,(anonymous_4)
FNDA:0,(anonymous_5)
FNDA:0,(anonymous_6)
FNDA:0,(anonymous_7)
FNDA:0,(anonymous_8)
FNDA:0,(anonymous_9)
FNDA:0,(anonymous_10)
FNDA:0,(anonymous_11)
FNDA:0,(anonymous_12)
FNDA:0,(anonymous_13)
FNDA:0,(anonymous_14)
FNDA:0,(anonymous_15)
FNDA:0,(anonymous_16)
FNDA:0,(anonymous_17)
FNDA:0,(anonymous_18)
FNDA:0,(anonymous_19)
FNDA:0,(anonymous_20)
FNDA:0,(anonymous_21)
FNDA:0,(anonymous_22)
DA:31,0
DA:32,0
DA:34,0
DA:35,0
DA:36,0
DA:37,0
DA:38,0
DA:39,0
DA:40,0
DA:41,0
DA:44,0
DA:45,0
DA:46,0
DA:47,0
DA:49,0
DA:51,0
DA:52,0
DA:55,0
DA:56,0
DA:59,0
DA:60,0
DA:61,0
DA:62,0
DA:63,0
DA:66,0
DA:68,0
DA:69,0
DA:73,0
DA:74,0
DA:75,0
DA:79,0
DA:80,0
DA:84,0
DA:97,0
DA:100,0
DA:101,0
DA:104,0
DA:105,0
DA:108,0
DA:109,0
DA:111,0
DA:115,0
DA:119,0
DA:120,0
DA:128,0
DA:130,0
DA:131,0
DA:133,0
DA:135,0
DA:136,0
DA:139,0
DA:141,0
DA:142,0
DA:146,0
DA:147,0
DA:148,0
DA:150,0
DA:153,0
DA:157,0
DA:175,0
DA:176,0
DA:184,0
DA:222,0
DA:225,0
DA:237,0
DA:240,0
DA:250,0
DA:251,0
DA:268,0
DA:271,0
DA:279,0
DA:294,0
DA:295,0
DA:325,0
LF:74
LH:0
BRDA:51,0,0,0
BRDA:51,0,1,0
BRDA:56,1,0,0
BRDA:56,1,1,0
BRDA:60,2,0,0
BRDA:60,2,1,0
BRDA:68,3,0,0
BRDA:68,3,1,0
BRDA:68,4,0,0
BRDA:68,4,1,0
BRDA:74,5,0,0
BRDA:74,5,1,0
BRDA:74,6,0,0
BRDA:74,6,1,0
BRDA:74,6,2,0
BRDA:74,6,3,0
BRDA:79,7,0,0
BRDA:79,7,1,0
BRDA:87,8,0,0
BRDA:87,8,1,0
BRDA:88,9,0,0
BRDA:88,9,1,0
BRDA:89,10,0,0
BRDA:89,10,1,0
BRDA:90,11,0,0
BRDA:90,11,1,0
BRDA:91,12,0,0
BRDA:91,12,1,0
BRDA:100,13,0,0
BRDA:100,13,1,0
BRDA:101,14,0,0
BRDA:101,14,1,0
BRDA:128,15,0,0
BRDA:128,15,1,0
BRDA:131,16,0,0
BRDA:131,16,1,0
BRDA:133,17,0,0
BRDA:133,17,1,0
BRDA:141,18,0,0
BRDA:141,18,1,0
BRDA:141,19,0,0
BRDA:141,19,1,0
BRDA:146,20,0,0
BRDA:146,20,1,0
BRDA:150,21,0,0
BRDA:150,21,1,0
BRDA:175,22,0,0
BRDA:175,22,1,0
BRDA:224,23,0,0
BRDA:224,23,1,0
BRDA:239,24,0,0
BRDA:239,24,1,0
BRDA:266,25,0,0
BRDA:266,25,1,0
BRDA:276,26,0,0
BRDA:276,26,1,0
BRDA:287,27,0,0
BRDA:287,27,1,0
BRDA:287,28,0,0
BRDA:287,28,1,0
BRDA:302,29,0,0
BRDA:302,29,1,0
BRDA:304,30,0,0
BRDA:304,30,1,0
BRF:64
BRH:0
end_of_record
TN:
SF:src\pages\detalle-producto\DetalleProducto.jsx
FN:30,(anonymous_0)
FN:37,(anonymous_1)
FN:38,(anonymous_2)
FN:56,(anonymous_3)
FN:58,(anonymous_4)
FN:83,(anonymous_5)
FN:87,(anonymous_6)
FN:100,(anonymous_7)
FN:107,(anonymous_8)
FN:129,(anonymous_9)
FN:164,(anonymous_10)
FN:231,(anonymous_11)
FN:261,(anonymous_12)
FN:322,(anonymous_13)
FNF:14
FNH:0
FNDA:0,(anonymous_0)
FNDA:0,(anonymous_1)
FNDA:0,(anonymous_2)
FNDA:0,(anonymous_3)
FNDA:0,(anonymous_4)
FNDA:0,(anonymous_5)
FNDA:0,(anonymous_6)
FNDA:0,(anonymous_7)
FNDA:0,(anonymous_8)
FNDA:0,(anonymous_9)
FNDA:0,(anonymous_10)
FNDA:0,(anonymous_11)
FNDA:0,(anonymous_12)
FNDA:0,(anonymous_13)
DA:27,0
DA:28,0
DA:30,0
DA:31,0
DA:32,0
DA:33,0
DA:34,0
DA:35,0
DA:37,0
DA:38,0
DA:39,0
DA:40,0
DA:42,0
DA:45,0
DA:47,0
DA:50,0
DA:56,0
DA:58,0
DA:62,0
DA:66,0
DA:67,0
DA:69,0
DA:73,0
DA:74,0
DA:83,0
DA:84,0
DA:87,0
DA:88,0
DA:90,0
DA:92,0
DA:94,0
DA:96,0
DA:100,0
DA:101,0
DA:107,0
DA:108,0
DA:109,0
DA:112,0
DA:113,0
DA:122,0
DA:123,0
DA:129,0
DA:136,0
DA:138,0
DA:165,0
DA:231,0
DA:262,0
DA:322,0
LF:48
LH:0
BRDA:47,0,0,0
BRDA:47,0,1,0
BRDA:55,1,0,0
BRDA:55,1,1,0
BRDA:73,2,0,0
BRDA:73,2,1,0
BRDA:88,3,0,0
BRDA:88,3,1,0
BRDA:88,3,2,0
BRDA:88,3,3,0
BRDA:96,4,0,0
BRDA:96,4,1,0
BRDA:108,5,0,0
BRDA:108,5,1,0
BRDA:108,6,0,0
BRDA:108,6,1,0
BRDA:109,7,0,0
BRDA:109,7,1,0
BRDA:112,8,0,0
BRDA:112,8,1,0
BRDA:122,9,0,0
BRDA:122,9,1,0
BRDA:147,10,0,0
BRDA:147,10,1,0
BRDA:148,11,0,0
BRDA:148,11,1,0
BRDA:177,12,0,0
BRDA:177,12,1,0
BRDA:182,13,0,0
BRDA:182,13,1,0
BRDA:182,13,2,0
BRDA:191,14,0,0
BRDA:191,14,1,0
BRDA:198,15,0,0
BRDA:198,15,1,0
BRDA:207,16,0,0
BRDA:207,16,1,0
BRDA:219,17,0,0
BRDA:219,17,1,0
BRDA:220,18,0,0
BRDA:220,18,1,0
BRDA:221,19,0,0
BRDA:221,19,1,0
BRDA:255,20,0,0
BRDA:255,20,1,0
BRDA:258,21,0,0
BRDA:258,21,1,0
BRDA:261,22,0,0
BRDA:261,22,1,0
BRDA:268,23,0,0
BRDA:268,23,1,0
BRDA:295,24,0,0
BRDA:295,24,1,0
BRDA:298,25,0,0
BRDA:298,25,1,0
BRDA:315,26,0,0
BRDA:315,26,1,0
BRF:57
BRH:0
end_of_record
TN:
SF:src\pages\login\Login.jsx
FN:4,(anonymous_0)
FNF:1
FNH:0
FNDA:0,(anonymous_0)
DA:4,0
DA:5,0
LF:2
LH:0
BRF:0
BRH:0
end_of_record
TN:
SF:src\pages\perfil\Perfil.jsx
FN:4,(anonymous_0)
FNF:1
FNH:0
FNDA:0,(anonymous_0)
DA:4,0
DA:5,0
LF:2
LH:0
BRF:0
BRH:0
end_of_record
TN:
SF:src\routes\Navbar.jsx
FN:17,(anonymous_0)
FN:22,(anonymous_1)
FN:89,(anonymous_2)
FNF:3
FNH:0
FNDA:0,(anonymous_0)
FNDA:0,(anonymous_1)
FNDA:0,(anonymous_2)
DA:13,0
DA:14,0
DA:15,0
DA:17,0
DA:18,0
DA:19,0
DA:20,0
DA:22,0
DA:23,0
DA:24,0
DA:25,0
DA:26,0
DA:27,0
DA:33,0
DA:48,0
DA:58,0
DA:90,0
DA:91,0
LF:18
LH:0
BRDA:24,0,0,0
BRDA:24,0,1,0
BRDA:24,1,0,0
BRDA:24,1,1,0
BRF:4
BRH:0
end_of_record
TN:
SF:src\services\api.js
FN:15,(anonymous_0)
FN:16,(anonymous_1)
FN:25,(anonymous_2)
FN:36,(anonymous_3)
FN:47,(anonymous_4)
FN:61,(anonymous_5)
FN:82,(anonymous_6)
FN:93,(anonymous_7)
FN:104,(anonymous_8)
FN:124,(anonymous_9)
FN:135,(anonymous_10)
FN:155,(anonymous_11)
FN:166,(anonymous_12)
FN:186,(anonymous_13)
FN:197,(anonymous_14)
FN:210,(anonymous_15)
FN:230,(anonymous_16)
FN:244,(anonymous_17)
FN:258,(anonymous_18)
FN:270,(anonymous_19)
FNF:20
FNH:0
FNDA:0,(anonymous_0)
FNDA:0,(anonymous_1)
FNDA:0,(anonymous_2)
FNDA:0,(anonymous_3)
FNDA:0,(anonymous_4)
FNDA:0,(anonymous_5)
FNDA:0,(anonymous_6)
FNDA:0,(anonymous_7)
FNDA:0,(anonymous_8)
FNDA:0,(anonymous_9)
FNDA:0,(anonymous_10)
FNDA:0,(anonymous_11)
FNDA:0,(anonymous_12)
FNDA:0,(anonymous_13)
FNDA:0,(anonymous_14)
FNDA:0,(anonymous_15)
FNDA:0,(anonymous_16)
FNDA:0,(anonymous_17)
FNDA:0,(anonymous_18)
FNDA:0,(anonymous_19)
DA:4,0
DA:6,0
DA:14,0
DA:15,0
DA:17,0
DA:18,0
DA:23,0
DA:26,0
DA:27,0
DA:28,0
DA:30,0
DA:31,0
DA:37,0
DA:38,0
DA:39,0
DA:41,0
DA:42,0
DA:48,0
DA:49,0
DA:50,0
DA:52,0
DA:53,0
DA:59,0
DA:62,0
DA:63,0
DA:65,0
DA:66,0
DA:67,0
DA:68,0
DA:70,0
DA:71,0
DA:72,0
DA:73,0
DA:75,0
DA:76,0
DA:77,0
DA:83,0
DA:84,0
DA:85,0
DA:87,0
DA:88,0
DA:94,0
DA:95,0
DA:96,0
DA:98,0
DA:99,0
DA:105,0
DA:106,0
DA:108,0
DA:109,0
DA:110,0
DA:112,0
DA:113,0
DA:114,0
DA:115,0
DA:117,0
DA:118,0
DA:119,0
DA:125,0
DA:126,0
DA:127,0
DA:129,0
DA:130,0
DA:136,0
DA:137,0
DA:139,0
DA:140,0
DA:141,0
DA:143,0
DA:144,0
DA:145,0
DA:146,0
DA:148,0
DA:149,0
DA:150,0
DA:156,0
DA:157,0
DA:158,0
DA:160,0
DA:161,0
DA:167,0
DA:168,0
DA:170,0
DA:171,0
DA:172,0
DA:174,0
DA:175,0
DA:176,0
DA:177,0
DA:179,0
DA:180,0
DA:181,0
DA:187,0
DA:188,0
DA:189,0
DA:191,0
DA:192,0
DA:198,0
DA:200,0
DA:201,0
DA:202,0
DA:204,0
DA:205,0
DA:211,0
DA:213,0
DA:214,0
DA:219,0
DA:221,0
DA:222,0
DA:228,0
DA:231,0
DA:232,0
DA:233,0
DA:235,0
DA:236,0
DA:242,0
DA:245,0
DA:246,0
DA:247,0
DA:249,0
DA:250,0
DA:256,0
DA:259,0
DA:260,0
DA:261,0
DA:263,0
DA:264,0
DA:270,0
DA:271,0
DA:273,0
DA:276,0
DA:277,0
LF:132
LH:0
BRDA:39,0,0,0
BRDA:39,0,1,0
BRDA:50,1,0,0
BRDA:50,1,1,0
BRDA:61,2,0,0
BRDA:65,3,0,0
BRDA:65,3,1,0
BRDA:66,4,0,0
BRDA:66,4,1,0
BRDA:67,5,0,0
BRDA:67,5,1,0
BRDA:68,6,0,0
BRDA:68,6,1,0
BRDA:76,7,0,0
BRDA:76,7,1,0
BRDA:104,8,0,0
BRDA:108,9,0,0
BRDA:108,9,1,0
BRDA:109,10,0,0
BRDA:109,10,1,0
BRDA:110,11,0,0
BRDA:110,11,1,0
BRDA:118,12,0,0
BRDA:118,12,1,0
BRDA:135,13,0,0
BRDA:139,14,0,0
BRDA:139,14,1,0
BRDA:140,15,0,0
BRDA:140,15,1,0
BRDA:141,16,0,0
BRDA:141,16,1,0
BRDA:149,17,0,0
BRDA:149,17,1,0
BRDA:166,18,0,0
BRDA:170,19,0,0
BRDA:170,19,1,0
BRDA:171,20,0,0
BRDA:171,20,1,0
BRDA:172,21,0,0
BRDA:172,21,1,0
BRDA:180,22,0,0
BRDA:180,22,1,0
BRF:42
BRH:0
end_of_record
TN:
SF:src\services\mvcApi.js
FN:27,(anonymous_0)
FN:28,(anonymous_1)
FN:35,(anonymous_2)
FN:36,(anonymous_3)
FN:48,(anonymous_4)
FN:53,(anonymous_5)
FN:61,(anonymous_6)
FN:72,(anonymous_7)
FN:77,(anonymous_8)
FN:85,(anonymous_9)
FN:90,(anonymous_10)
FN:101,(anonymous_11)
FN:107,(anonymous_12)
FN:111,(anonymous_13)
FN:115,(anonymous_14)
FN:122,(anonymous_15)
FN:130,(anonymous_16)
FN:138,(anonymous_17)
FN:146,(anonymous_18)
FN:154,(anonymous_19)
FN:159,(anonymous_20)
FN:171,(anonymous_21)
FN:181,(anonymous_22)
FN:191,(anonymous_23)
FN:202,(anonymous_24)
FN:210,(anonymous_25)
FN:221,(anonymous_26)
FN:231,(anonymous_27)
FNF:28
FNH:0
FNDA:0,(anonymous_0)
FNDA:0,(anonymous_1)
FNDA:0,(anonymous_2)
FNDA:0,(anonymous_3)
FNDA:0,(anonymous_4)
FNDA:0,(anonymous_5)
FNDA:0,(anonymous_6)
FNDA:0,(anonymous_7)
FNDA:0,(anonymous_8)
FNDA:0,(anonymous_9)
FNDA:0,(anonymous_10)
FNDA:0,(anonymous_11)
FNDA:0,(anonymous_12)
FNDA:0,(anonymous_13)
FNDA:0,(anonymous_14)
FNDA:0,(anonymous_15)
FNDA:0,(anonymous_16)
FNDA:0,(anonymous_17)
FNDA:0,(anonymous_18)
FNDA:0,(anonymous_19)
FNDA:0,(anonymous_20)
FNDA:0,(anonymous_21)
FNDA:0,(anonymous_22)
FNDA:0,(anonymous_23)
FNDA:0,(anonymous_24)
FNDA:0,(anonymous_25)
FNDA:0,(anonymous_26)
FNDA:0,(anonymous_27)
DA:8,0
DA:9,0
DA:11,0
DA:18,0
DA:26,0
DA:27,0
DA:29,0
DA:30,0
DA:34,0
DA:35,0
DA:37,0
DA:38,0
DA:47,0
DA:49,0
DA:50,0
DA:54,0
DA:55,0
DA:60,0
DA:62,0
DA:64,0
DA:65,0
DA:66,0
DA:68,0
DA:69,0
DA:73,0
DA:74,0
DA:78,0
DA:79,0
DA:84,0
DA:86,0
DA:87,0
DA:91,0
DA:93,0
DA:94,0
DA:95,0
DA:97,0
DA:98,0
DA:102,0
DA:103,0
DA:108,0
DA:112,0
DA:116,0
DA:121,0
DA:123,0
DA:124,0
DA:129,0
DA:131,0
DA:132,0
DA:137,0
DA:139,0
DA:140,0
DA:145,0
DA:147,0
DA:148,0
DA:153,0
DA:155,0
DA:156,0
DA:160,0
DA:161,0
DA:169,0
DA:172,0
DA:177,0
DA:182,0
DA:187,0
DA:192,0
DA:198,0
DA:203,0
DA:206,0
DA:211,0
DA:212,0
DA:219,0
DA:222,0
DA:223,0
DA:226,0
DA:227,0
DA:232,0
DA:233,0
DA:236,0
DA:237,0
DA:238,0
DA:239,0
DA:241,0
DA:242,0
LF:83
LH:0
BRDA:61,0,0,0
BRDA:64,1,0,0
BRDA:64,1,1,0
BRDA:65,2,0,0
BRDA:65,2,1,0
BRDA:66,3,0,0
BRDA:66,3,1,0
BRDA:90,4,0,0
BRDA:93,5,0,0
BRDA:93,5,1,0
BRDA:94,6,0,0
BRDA:94,6,1,0
BRDA:95,7,0,0
BRDA:95,7,1,0
BRDA:107,8,0,0
BRDA:111,9,0,0
BRDA:115,10,0,0
BRDA:171,11,0,0
BRDA:174,12,0,0
BRDA:174,12,1,0
BRDA:175,13,0,0
BRDA:175,13,1,0
BRDA:181,14,0,0
BRDA:191,15,0,0
BRDA:194,16,0,0
BRDA:194,16,1,0
BRDA:195,17,0,0
BRDA:195,17,1,0
BRDA:221,18,0,0
BRDA:222,19,0,0
BRDA:222,19,1,0
BRDA:231,20,0,0
BRDA:231,21,0,0
BRDA:232,22,0,0
BRDA:232,22,1,0
BRDA:237,23,0,0
BRDA:237,23,1,0
BRDA:238,24,0,0
BRDA:238,24,1,0
BRDA:239,25,0,0
BRDA:239,25,1,0
BRF:41
BRH:0
end_of_record
TN:
SF:src\services\unifiedApi.js
FN:15,(anonymous_0)
FN:16,(anonymous_1)
FN:24,(anonymous_2)
FN:35,(anonymous_3)
FN:46,(anonymous_4)
FN:52,(anonymous_5)
FN:56,(anonymous_6)
FN:58,(anonymous_7)
FN:74,(anonymous_8)
FN:79,(anonymous_9)
FN:81,(anonymous_10)
FN:92,(anonymous_11)
FN:98,(anonymous_12)
FN:110,(anonymous_13)
FN:115,(anonymous_14)
FN:125,(anonymous_15)
FN:129,(anonymous_16)
FN:139,(anonymous_17)
FNF:18
FNH:0
FNDA:0,(anonymous_0)
FNDA:0,(anonymous_1)
FNDA:0,(anonymous_2)
FNDA:0,(anonymous_3)
FNDA:0,(anonymous_4)
FNDA:0,(anonymous_5)
FNDA:0,(anonymous_6)
FNDA:0,(anonymous_7)
FNDA:0,(anonymous_8)
FNDA:0,(anonymous_9)
FNDA:0,(anonymous_10)
FNDA:0,(anonymous_11)
FNDA:0,(anonymous_12)
FNDA:0,(anonymous_13)
FNDA:0,(anonymous_14)
FNDA:0,(anonymous_15)
FNDA:0,(anonymous_16)
FNDA:0,(anonymous_17)
DA:4,0
DA:6,0
DA:14,0
DA:15,0
DA:17,0
DA:18,0
DA:22,0
DA:25,0
DA:26,0
DA:27,0
DA:29,0
DA:30,0
DA:36,0
DA:37,0
DA:38,0
DA:40,0
DA:41,0
DA:47,0
DA:48,0
DA:49,0
DA:52,0
DA:55,0
DA:56,0
DA:57,0
DA:58,0
DA:60,0
DA:61,0
DA:66,0
DA:68,0
DA:69,0
DA:75,0
DA:76,0
DA:77,0
DA:79,0
DA:80,0
DA:81,0
DA:82,0
DA:86,0
DA:87,0
DA:93,0
DA:94,0
DA:95,0
DA:97,0
DA:98,0
DA:99,0
DA:104,0
DA:105,0
DA:111,0
DA:112,0
DA:113,0
DA:115,0
DA:116,0
DA:119,0
DA:120,0
DA:126,0
DA:127,0
DA:129,0
DA:130,0
DA:132,0
DA:135,0
DA:136,0
DA:137,0
DA:139,0
DA:140,0
DA:141,0
DA:144,0
DA:145,0
DA:146,0
DA:149,0
DA:150,0
DA:154,0
DA:168,0
DA:169,0
LF:73
LH:0
BRDA:49,0,0,0
BRDA:49,0,1,0
BRDA:55,1,0,0
BRDA:55,1,1,0
BRDA:57,2,0,0
BRDA:57,2,1,0
BRDA:60,3,0,0
BRDA:60,3,1,0
BRDA:61,4,0,0
BRDA:61,4,1,0
BRDA:77,5,0,0
BRDA:77,5,1,0
BRDA:80,6,0,0
BRDA:80,6,1,0
BRDA:82,7,0,0
BRDA:82,7,1,0
BRDA:95,8,0,0
BRDA:95,8,1,0
BRDA:99,9,0,0
BRDA:99,9,1,0
BRDA:99,9,2,0
BRDA:99,10,0,0
BRDA:99,10,1,0
BRDA:100,11,0,0
BRDA:100,11,1,0
BRDA:101,12,0,0
BRDA:101,12,1,0
BRDA:113,13,0,0
BRDA:113,13,1,0
BRDA:116,14,0,0
BRDA:116,14,1,0
BRDA:127,15,0,0
BRDA:127,15,1,0
BRDA:130,16,0,0
BRDA:130,16,1,0
BRDA:135,17,0,0
BRDA:135,17,1,0
BRDA:140,18,0,0
BRDA:140,18,1,0
BRDA:140,19,0,0
BRDA:140,19,1,0
BRDA:145,20,0,0
BRDA:145,20,1,0
BRDA:145,21,0,0
BRDA:145,21,1,0
BRDA:145,21,2,0
BRDA:149,22,0,0
BRDA:149,22,1,0
BRDA:155,23,0,0
BRDA:155,23,1,0
BRDA:156,24,0,0
BRDA:156,24,1,0
BRDA:157,25,0,0
BRDA:157,25,1,0
BRDA:158,26,0,0
BRDA:158,26,1,0
BRDA:159,27,0,0
BRDA:159,27,1,0
BRF:58
BRH:0
end_of_record
TN:
SF:src\utils\canon.js
FN:1,(anonymous_0)
FN:8,(anonymous_1)
FN:14,(anonymous_2)
FN:20,(anonymous_3)
FN:26,(anonymous_4)
FN:37,(anonymous_5)
FN:38,(anonymous_6)
FN:40,(anonymous_7)
FN:50,(anonymous_8)
FN:57,(anonymous_9)
FN:58,(anonymous_10)
FN:62,(anonymous_11)
FN:65,(anonymous_12)
FN:86,(anonymous_13)
FN:89,(anonymous_14)
FN:96,(anonymous_15)
FN:104,(anonymous_16)
FN:109,(anonymous_17)
FN:112,(anonymous_18)
FNF:19
FNH:0
FNDA:0,(anonymous_0)
FNDA:0,(anonymous_1)
FNDA:0,(anonymous_2)
FNDA:0,(anonymous_3)
FNDA:0,(anonymous_4)
FNDA:0,(anonymous_5)
FNDA:0,(anonymous_6)
FNDA:0,(anonymous_7)
FNDA:0,(anonymous_8)
FNDA:0,(anonymous_9)
FNDA:0,(anonymous_10)
FNDA:0,(anonymous_11)
FNDA:0,(anonymous_12)
FNDA:0,(anonymous_13)
FNDA:0,(anonymous_14)
FNDA:0,(anonymous_15)
FNDA:0,(anonymous_16)
FNDA:0,(anonymous_17)
FNDA:0,(anonymous_18)
DA:1,0
DA:2,0
DA:8,0
DA:9,0
DA:10,0
DA:11,0
DA:14,0
DA:15,0
DA:16,0
DA:17,0
DA:20,0
DA:21,0
DA:22,0
DA:26,0
DA:27,0
DA:28,0
DA:29,0
DA:30,0
DA:31,0
DA:32,0
DA:34,0
DA:37,0
DA:38,0
DA:40,0
DA:41,0
DA:42,0
DA:43,0
DA:44,0
DA:45,0
DA:47,0
DA:50,0
DA:51,0
DA:52,0
DA:54,0
DA:57,0
DA:58,0
DA:62,0
DA:65,0
DA:66,0
DA:71,0
DA:73,0
DA:86,0
DA:89,0
DA:90,0
DA:91,0
DA:92,0
DA:94,0
DA:95,0
DA:96,0
DA:104,0
DA:105,0
DA:109,0
DA:112,0
LF:53
LH:0
BRDA:1,0,0,0
BRDA:8,1,0,0
BRDA:10,2,0,0
BRDA:10,2,1,0
BRDA:10,3,0,0
BRDA:10,3,1,0
BRDA:14,4,0,0
BRDA:14,5,0,0
BRDA:17,6,0,0
BRDA:17,6,1,0
BRDA:17,7,0,0
BRDA:17,7,1,0
BRDA:22,8,0,0
BRDA:22,8,1,0
BRDA:26,9,0,0
BRDA:27,10,0,0
BRDA:27,10,1,0
BRDA:28,11,0,0
BRDA:28,11,1,0
BRDA:29,12,0,0
BRDA:29,12,1,0
BRDA:29,13,0,0
BRDA:29,13,1,0
BRDA:37,14,0,0
BRDA:38,15,0,0
BRDA:38,15,1,0
BRDA:40,16,0,0
BRDA:43,17,0,0
BRDA:43,17,1,0
BRDA:44,18,0,0
BRDA:44,18,1,0
BRDA:54,19,0,0
BRDA:54,19,1,0
BRDA:57,20,0,0
BRDA:57,20,1,0
BRDA:57,20,2,0
BRDA:57,20,3,0
BRDA:62,21,0,0
BRDA:62,21,1,0
BRDA:66,22,0,0
BRDA:66,22,1,0
BRDA:67,23,0,0
BRDA:67,23,1,0
BRDA:71,24,0,0
BRDA:71,24,1,0
BRDA:86,25,0,0
BRDA:86,25,1,0
BRDA:86,26,0,0
BRDA:86,26,1,0
BRDA:90,27,0,0
BRDA:90,27,1,0
BRDA:91,28,0,0
BRDA:91,28,1,0
BRDA:92,29,0,0
BRDA:92,29,1,0
BRDA:94,30,0,0
BRDA:94,30,1,0
BRDA:98,31,0,0
BRDA:98,31,1,0
BRDA:109,32,0,0
BRDA:109,32,1,0
BRDA:112,33,0,0
BRDA:112,33,1,0
BRF:63
BRH:0
end_of_record
TN:
SF:src\utils\dedupe.js
FN:2,(anonymous_0)
FN:16,(anonymous_1)
FN:23,(anonymous_2)
FN:29,(anonymous_3)
FN:35,(anonymous_4)
FN:42,(anonymous_5)
FN:80,(anonymous_6)
FN:84,(anonymous_7)
FN:86,(anonymous_8)
FN:90,(anonymous_9)
FN:92,(anonymous_10)
FN:96,(anonymous_11)
FN:98,(anonymous_12)
FN:99,(anonymous_13)
FN:105,(anonymous_14)
FN:125,(anonymous_15)
FN:127,(anonymous_16)
FNF:17
FNH:0
FNDA:0,(anonymous_0)
FNDA:0,(anonymous_1)
FNDA:0,(anonymous_2)
FNDA:0,(anonymous_3)
FNDA:0,(anonymous_4)
FNDA:0,(anonymous_5)
FNDA:0,(anonymous_6)
FNDA:0,(anonymous_7)
FNDA:0,(anonymous_8)
FNDA:0,(anonymous_9)
FNDA:0,(anonymous_10)
FNDA:0,(anonymous_11)
FNDA:0,(anonymous_12)
FNDA:0,(anonymous_13)
FNDA:0,(anonymous_14)
FNDA:0,(anonymous_15)
FNDA:0,(anonymous_16)
DA:2,0
DA:3,0
DA:10,0
DA:16,0
DA:17,0
DA:18,0
DA:19,0
DA:23,0
DA:24,0
DA:25,0
DA:29,0
DA:30,0
DA:31,0
DA:32,0
DA:34,0
DA:35,0
DA:37,0
DA:38,0
DA:42,0
DA:43,0
DA:44,0
DA:45,0
DA:46,0
DA:47,0
DA:48,0
DA:56,0
DA:57,0
DA:67,0
DA:68,0
DA:69,0
DA:70,0
DA:72,0
DA:73,0
DA:79,0
DA:80,0
DA:84,0
DA:85,0
DA:86,0
DA:90,0
DA:91,0
DA:92,0
DA:96,0
DA:97,0
DA:98,0
DA:99,0
DA:102,0
DA:103,0
DA:105,0
DA:116,0
DA:125,0
DA:126,0
DA:127,0
DA:128,0
LF:53
LH:0
BRDA:2,0,0,0
BRDA:18,1,0,0
BRDA:18,1,1,0
BRDA:19,2,0,0
BRDA:19,2,1,0
BRDA:25,3,0,0
BRDA:25,3,1,0
BRDA:30,4,0,0
BRDA:30,4,1,0
BRDA:30,5,0,0
BRDA:30,5,1,0
BRDA:31,6,0,0
BRDA:31,6,1,0
BRDA:35,7,0,0
BRDA:35,7,1,0
BRDA:35,7,2,0
BRDA:42,8,0,0
BRDA:43,9,0,0
BRDA:43,9,1,0
BRDA:43,10,0,0
BRDA:43,10,1,0
BRDA:46,11,0,0
BRDA:46,11,1,0
BRDA:47,12,0,0
BRDA:47,12,1,0
BRDA:49,13,0,0
BRDA:49,13,1,0
BRDA:49,13,2,0
BRDA:49,13,3,0
BRDA:49,13,4,0
BRDA:50,14,0,0
BRDA:50,14,1,0
BRDA:51,15,0,0
BRDA:51,15,1,0
BRDA:52,16,0,0
BRDA:52,16,1,0
BRDA:52,16,2,0
BRDA:53,17,0,0
BRDA:53,17,1,0
BRDA:53,17,2,0
BRDA:53,17,3,0
BRDA:54,18,0,0
BRDA:54,18,1,0
BRDA:56,19,0,0
BRDA:56,19,1,0
BRDA:60,20,0,0
BRDA:60,20,1,0
BRDA:60,20,2,0
BRDA:61,21,0,0
BRDA:61,21,1,0
BRDA:61,21,2,0
BRDA:61,21,3,0
BRDA:69,22,0,0
BRDA:69,22,1,0
BRDA:72,23,0,0
BRDA:72,23,1,0
BRDA:72,24,0,0
BRDA:72,24,1,0
BRDA:80,25,0,0
BRDA:80,25,1,0
BRDA:80,26,0,0
BRDA:80,26,1,0
BRDA:84,27,0,0
BRDA:90,28,0,0
BRDA:96,29,0,0
BRDA:102,30,0,0
BRDA:102,30,1,0
BRDA:107,31,0,0
BRDA:107,31,1,0
BRDA:125,32,0,0
BRDA:128,33,0,0
BRDA:128,33,1,0
BRF:72
BRH:0
end_of_record
TN:
SF:src\utils\deduplicateProducts.js
FN:15,(anonymous_0)
FN:43,(anonymous_1)
FN:85,(anonymous_2)
FN:117,(anonymous_3)
FN:155,(anonymous_4)
FN:176,(anonymous_5)
FN:183,(anonymous_6)
FN:188,(anonymous_7)
FN:189,(anonymous_8)
FN:194,(anonymous_9)
FN:201,(anonymous_10)
FN:208,(anonymous_11)
FN:239,(anonymous_12)
FN:241,(anonymous_13)
FN:264,(anonymous_14)
FN:269,(anonymous_15)
FN:280,(anonymous_16)
FN:290,(anonymous_17)
FNF:18
FNH:0
FNDA:0,(anonymous_0)
FNDA:0,(anonymous_1)
FNDA:0,(anonymous_2)
FNDA:0,(anonymous_3)
FNDA:0,(anonymous_4)
FNDA:0,(anonymous_5)
FNDA:0,(anonymous_6)
FNDA:0,(anonymous_7)
FNDA:0,(anonymous_8)
FNDA:0,(anonymous_9)
FNDA:0,(anonymous_10)
FNDA:0,(anonymous_11)
FNDA:0,(anonymous_12)
FNDA:0,(anonymous_13)
FNDA:0,(anonymous_14)
FNDA:0,(anonymous_15)
FNDA:0,(anonymous_16)
FNDA:0,(anonymous_17)
DA:15,0
DA:16,0
DA:17,0
DA:20,0
DA:23,0
DA:24,0
DA:26,0
DA:30,0
DA:35,0
DA:43,0
DA:44,0
DA:45,0
DA:49,0
DA:54,0
DA:55,0
DA:56,0
DA:57,0
DA:58,0
DA:61,0
DA:62,0
DA:63,0
DA:64,0
DA:65,0
DA:66,0
DA:67,0
DA:68,0
DA:69,0
DA:70,0
DA:73,0
DA:77,0
DA:85,0
DA:87,0
DA:88,0
DA:92,0
DA:93,0
DA:94,0
DA:95,0
DA:98,0
DA:101,0
DA:102,0
DA:103,0
DA:104,0
DA:105,0
DA:108,0
DA:117,0
DA:119,0
DA:120,0
DA:124,0
DA:125,0
DA:127,0
DA:128,0
DA:131,0
DA:132,0
DA:134,0
DA:135,0
DA:138,0
DA:139,0
DA:142,0
DA:143,0
DA:146,0
DA:155,0
DA:156,0
DA:157,0
DA:160,0
DA:163,0
DA:164,0
DA:165,0
DA:168,0
DA:176,0
DA:177,0
DA:178,0
DA:182,0
DA:183,0
DA:188,0
DA:189,0
DA:194,0
DA:201,0
DA:206,0
DA:208,0
DA:209,0
DA:211,0
DA:212,0
DA:223,0
DA:226,0
DA:235,0
DA:239,0
DA:241,0
DA:243,0
DA:264,0
DA:265,0
DA:266,0
DA:269,0
DA:271,0
DA:272,0
DA:273,0
DA:274,0
DA:279,0
DA:280,0
DA:281,0
DA:283,0
DA:284,0
DA:289,0
DA:290,0
DA:291,0
DA:293,0
DA:294,0
DA:298,0
LF:107
LH:0
BRDA:16,0,0,0
BRDA:16,0,1,0
BRDA:16,1,0,0
BRDA:16,1,1,0
BRDA:23,2,0,0
BRDA:23,2,1,0
BRDA:23,3,0,0
BRDA:23,3,1,0
BRDA:44,4,0,0
BRDA:44,4,1,0
BRDA:44,5,0,0
BRDA:44,5,1,0
BRDA:56,6,0,0
BRDA:56,6,1,0
BRDA:61,7,0,0
BRDA:61,7,1,0
BRDA:61,8,0,0
BRDA:61,8,1,0
BRDA:61,8,2,0
BRDA:63,9,0,0
BRDA:63,9,1,0
BRDA:63,10,0,0
BRDA:63,10,1,0
BRDA:65,11,0,0
BRDA:65,11,1,0
BRDA:65,12,0,0
BRDA:65,12,1,0
BRDA:67,13,0,0
BRDA:67,13,1,0
BRDA:67,14,0,0
BRDA:67,14,1,0
BRDA:69,15,0,0
BRDA:69,15,1,0
BRDA:69,16,0,0
BRDA:69,16,1,0
BRDA:69,16,2,0
BRDA:87,17,0,0
BRDA:87,17,1,0
BRDA:92,18,0,0
BRDA:92,18,1,0
BRDA:93,19,0,0
BRDA:93,19,1,0
BRDA:93,19,2,0
BRDA:94,20,0,0
BRDA:94,20,1,0
BRDA:94,21,0,0
BRDA:94,21,1,0
BRDA:94,21,2,0
BRDA:95,22,0,0
BRDA:95,22,1,0
BRDA:95,22,2,0
BRDA:119,23,0,0
BRDA:119,23,1,0
BRDA:119,24,0,0
BRDA:119,24,1,0
BRDA:124,25,0,0
BRDA:124,25,1,0
BRDA:125,26,0,0
BRDA:125,26,1,0
BRDA:127,27,0,0
BRDA:127,27,1,0
BRDA:131,28,0,0
BRDA:131,28,1,0
BRDA:131,28,2,0
BRDA:132,29,0,0
BRDA:132,29,1,0
BRDA:132,29,2,0
BRDA:134,30,0,0
BRDA:134,30,1,0
BRDA:138,31,0,0
BRDA:138,31,1,0
BRDA:138,31,2,0
BRDA:139,32,0,0
BRDA:139,32,1,0
BRDA:139,32,2,0
BRDA:142,33,0,0
BRDA:142,33,1,0
BRDA:142,34,0,0
BRDA:142,34,1,0
BRDA:142,34,2,0
BRDA:156,35,0,0
BRDA:156,35,1,0
BRDA:156,36,0,0
BRDA:156,36,1,0
BRDA:163,37,0,0
BRDA:163,37,1,0
BRDA:163,38,0,0
BRDA:163,38,1,0
BRDA:168,39,0,0
BRDA:168,39,1,0
BRDA:177,40,0,0
BRDA:177,40,1,0
BRDA:177,41,0,0
BRDA:177,41,1,0
BRDA:182,42,0,0
BRDA:182,42,1,0
BRDA:182,43,0,0
BRDA:182,43,1,0
BRDA:191,44,0,0
BRDA:191,44,1,0
BRDA:192,45,0,0
BRDA:192,45,1,0
BRDA:200,46,0,0
BRDA:200,46,1,0
BRDA:211,47,0,0
BRDA:211,47,1,0
BRDA:214,48,0,0
BRDA:214,48,1,0
BRDA:215,49,0,0
BRDA:215,49,1,0
BRDA:216,50,0,0
BRDA:216,50,1,0
BRDA:216,50,2,0
BRDA:217,51,0,0
BRDA:217,51,1,0
BRDA:217,51,2,0
BRDA:227,52,0,0
BRDA:227,52,1,0
BRDA:227,52,2,0
BRDA:227,52,3,0
BRDA:228,53,0,0
BRDA:228,53,1,0
BRDA:228,53,2,0
BRDA:229,54,0,0
BRDA:229,54,1,0
BRDA:229,54,2,0
BRDA:230,55,0,0
BRDA:230,55,1,0
BRDA:230,55,2,0
BRDA:231,56,0,0
BRDA:231,56,1,0
BRDA:231,56,2,0
BRDA:232,57,0,0
BRDA:232,57,1,0
BRDA:235,58,0,0
BRDA:235,58,1,0
BRDA:235,58,2,0
BRDA:252,59,0,0
BRDA:252,59,1,0
BRDA:264,60,0,0
BRDA:265,61,0,0
BRDA:265,61,1,0
BRDA:271,62,0,0
BRDA:271,62,1,0
BRDA:273,63,0,0
BRDA:273,63,1,0
BRDA:273,64,0,0
BRDA:273,64,1,0
BRDA:279,65,0,0
BRDA:279,65,1,0
BRDA:279,66,0,0
BRDA:279,66,1,0
BRDA:283,67,0,0
BRDA:283,67,1,0
BRDA:289,68,0,0
BRDA:289,68,1,0
BRDA:291,69,0,0
BRDA:291,69,1,0
BRDA:293,70,0,0
BRDA:293,70,1,0
BRF:160
BRH:0
end_of_record
TN:
SF:src\utils\groupCanon.js
FN:2,(anonymous_0)
FN:10,(anonymous_1)
FN:17,(anonymous_2)
FN:23,(anonymous_3)
FN:35,(anonymous_4)
FN:46,(anonymous_5)
FN:51,(anonymous_6)
FN:51,(anonymous_7)
FN:52,(anonymous_8)
FN:63,(anonymous_9)
FNF:10
FNH:0
FNDA:0,(anonymous_0)
FNDA:0,(anonymous_1)
FNDA:0,(anonymous_2)
FNDA:0,(anonymous_3)
FNDA:0,(anonymous_4)
FNDA:0,(anonymous_5)
FNDA:0,(anonymous_6)
FNDA:0,(anonymous_7)
FNDA:0,(anonymous_8)
FNDA:0,(anonymous_9)
DA:2,0
DA:3,0
DA:10,0
DA:11,0
DA:12,0
DA:13,0
DA:17,0
DA:18,0
DA:19,0
DA:23,0
DA:24,0
DA:25,0
DA:26,0
DA:27,0
DA:29,0
DA:30,0
DA:31,0
DA:35,0
DA:36,0
DA:37,0
DA:38,0
DA:39,0
DA:40,0
DA:42,0
DA:46,0
DA:47,0
DA:48,0
DA:50,0
DA:51,0
DA:52,0
DA:53,0
DA:63,0
LF:32
LH:0
BRDA:2,0,0,0
BRDA:10,1,0,0
BRDA:10,2,0,0
BRDA:13,3,0,0
BRDA:13,3,1,0
BRDA:13,4,0,0
BRDA:13,4,1,0
BRDA:19,5,0,0
BRDA:19,5,1,0
BRDA:23,6,0,0
BRDA:24,7,0,0
BRDA:24,7,1,0
BRDA:27,8,0,0
BRDA:27,8,1,0
BRDA:35,9,0,0
BRDA:39,10,0,0
BRDA:39,10,1,0
BRDA:50,11,0,0
BRDA:50,11,1,0
BRDA:51,12,0,0
BRDA:51,12,1,0
BRDA:51,12,2,0
BRDA:51,12,3,0
BRDA:51,13,0,0
BRDA:51,13,1,0
BRDA:51,14,0,0
BRDA:51,14,1,0
BRDA:52,15,0,0
BRDA:52,15,1,0
BRDA:63,16,0,0
BRDA:63,16,1,0
BRDA:63,17,0,0
BRDA:63,17,1,0
BRF:33
BRH:0
end_of_record
TN:
SF:src\utils\matchSameProduct.js
FN:2,(anonymous_0)
FN:9,(anonymous_1)
FN:15,(anonymous_2)
FN:20,(anonymous_3)
FN:29,(anonymous_4)
FN:42,(anonymous_5)
FN:47,(anonymous_6)
FN:48,(anonymous_7)
FN:48,(anonymous_8)
FN:70,(anonymous_9)
FN:74,(anonymous_10)
FN:79,(anonymous_11)
FN:87,(anonymous_12)
FN:93,(anonymous_13)
FN:93,(anonymous_14)
FNF:15
FNH:0
FNDA:0,(anonymous_0)
FNDA:0,(anonymous_1)
FNDA:0,(anonymous_2)
FNDA:0,(anonymous_3)
FNDA:0,(anonymous_4)
FNDA:0,(anonymous_5)
FNDA:0,(anonymous_6)
FNDA:0,(anonymous_7)
FNDA:0,(anonymous_8)
FNDA:0,(anonymous_9)
FNDA:0,(anonymous_10)
FNDA:0,(anonymous_11)
FNDA:0,(anonymous_12)
FNDA:0,(anonymous_13)
FNDA:0,(anonymous_14)
DA:2,0
DA:3,0
DA:9,0
DA:10,0
DA:11,0
DA:12,0
DA:15,0
DA:16,0
DA:17,0
DA:20,0
DA:21,0
DA:22,0
DA:23,0
DA:24,0
DA:25,0
DA:29,0
DA:30,0
DA:31,0
DA:32,0
DA:33,0
DA:34,0
DA:36,0
DA:42,0
DA:43,0
DA:44,0
DA:45,0
DA:46,0
DA:47,0
DA:48,0
DA:49,0
DA:59,0
DA:60,0
DA:70,0
DA:74,0
DA:75,0
DA:76,0
DA:78,0
DA:79,0
DA:87,0
DA:88,0
DA:89,0
DA:93,0
DA:98,0
LF:43
LH:0
BRDA:2,0,0,0
BRDA:9,1,0,0
BRDA:9,2,0,0
BRDA:12,3,0,0
BRDA:12,3,1,0
BRDA:12,4,0,0
BRDA:12,4,1,0
BRDA:17,5,0,0
BRDA:17,5,1,0
BRDA:21,6,0,0
BRDA:21,6,1,0
BRDA:22,7,0,0
BRDA:22,7,1,0
BRDA:22,8,0,0
BRDA:22,8,1,0
BRDA:24,9,0,0
BRDA:24,9,1,0
BRDA:29,10,0,0
BRDA:33,11,0,0
BRDA:33,11,1,0
BRDA:45,12,0,0
BRDA:45,12,1,0
BRDA:46,13,0,0
BRDA:46,13,1,0
BRDA:47,14,0,0
BRDA:47,14,1,0
BRDA:48,15,0,0
BRDA:48,15,1,0
BRDA:48,15,2,0
BRDA:48,15,3,0
BRDA:48,16,0,0
BRDA:48,16,1,0
BRDA:48,17,0,0
BRDA:48,17,1,0
BRDA:65,18,0,0
BRDA:65,18,1,0
BRDA:70,19,0,0
BRDA:70,19,1,0
BRDA:70,20,0,0
BRDA:70,20,1,0
BRDA:75,21,0,0
BRDA:75,21,1,0
BRDA:76,22,0,0
BRDA:76,22,1,0
BRDA:80,23,0,0
BRDA:80,23,1,0
BRDA:80,23,2,0
BRDA:81,24,0,0
BRDA:81,24,1,0
BRDA:82,25,0,0
BRDA:82,25,1,0
BRDA:83,26,0,0
BRDA:83,26,1,0
BRDA:83,26,2,0
BRDA:84,27,0,0
BRDA:84,27,1,0
BRDA:84,27,2,0
BRDA:85,28,0,0
BRDA:85,28,1,0
BRDA:88,29,0,0
BRDA:88,29,1,0
BRDA:93,30,0,0
BRDA:93,30,1,0
BRDA:93,30,2,0
BRDA:93,31,0,0
BRDA:93,31,1,0
BRDA:93,32,0,0
BRDA:93,32,1,0
BRDA:100,33,0,0
BRDA:100,33,1,0
BRF:70
BRH:0
end_of_record
TN:
SF:src\utils\normalizeHelpers.js
FN:6,(anonymous_0)
FN:27,(anonymous_1)
FN:45,(anonymous_2)
FN:54,(anonymous_3)
FN:68,(anonymous_4)
FN:80,(anonymous_5)
FN:89,(anonymous_6)
FN:103,(anonymous_7)
FN:115,(anonymous_8)
FN:119,(anonymous_9)
FN:131,(anonymous_10)
FN:135,(anonymous_11)
FNF:12
FNH:12
FNDA:19,(anonymous_0)
FNDA:71,(anonymous_1)
FNDA:18,(anonymous_2)
FNDA:37,(anonymous_3)
FNDA:14,(anonymous_4)
FNDA:15,(anonymous_5)
FNDA:26,(anonymous_6)
FNDA:12,(anonymous_7)
FNDA:8,(anonymous_8)
FNDA:9,(anonymous_9)
FNDA:8,(anonymous_10)
FNDA:9,(anonymous_11)
DA:6,1
DA:7,19
DA:8,5
DA:11,14
DA:27,1
DA:28,71
DA:29,3
DA:32,68
DA:45,1
DA:46,18
DA:47,4
DA:50,14
DA:51,14
DA:54,14
DA:55,37
DA:56,36
DA:58,35
DA:61,35
DA:62,21
DA:63,21
DA:68,13
DA:69,14
DA:70,12
DA:71,8
DA:80,1
DA:81,15
DA:82,4
DA:85,11
DA:86,11
DA:89,11
DA:90,26
DA:91,26
DA:93,26
DA:96,26
DA:97,18
DA:98,18
DA:103,11
DA:104,12
DA:105,10
DA:106,7
DA:115,1
DA:116,8
DA:119,9
DA:120,7
DA:123,1
DA:131,1
DA:132,8
DA:135,9
DA:136,7
DA:139,1
LF:50
LH:50
BRDA:7,0,0,5
BRDA:7,0,1,14
BRDA:7,1,0,19
BRDA:7,1,1,16
BRDA:28,2,0,3
BRDA:28,2,1,68
BRDA:28,3,0,71
BRDA:28,3,1,68
BRDA:46,4,0,4
BRDA:46,4,1,14
BRDA:55,5,0,28
BRDA:55,5,1,9
BRDA:55,6,0,9
BRDA:55,6,1,0
BRDA:56,7,0,1
BRDA:56,7,1,35
BRDA:61,8,0,21
BRDA:61,8,1,14
BRDA:69,9,0,2
BRDA:69,9,1,12
BRDA:70,10,0,4
BRDA:70,10,1,8
BRDA:81,11,0,4
BRDA:81,11,1,11
BRDA:90,12,0,20
BRDA:90,12,1,6
BRDA:90,13,0,6
BRDA:90,13,1,0
BRDA:91,14,0,0
BRDA:91,14,1,26
BRDA:96,15,0,18
BRDA:96,15,1,8
BRDA:104,16,0,2
BRDA:104,16,1,10
BRDA:105,17,0,3
BRDA:105,17,1,7
BRDA:119,18,0,7
BRDA:119,18,1,1
BRDA:135,19,0,7
BRDA:135,19,1,1
BRF:40
BRH:37
end_of_record
